[0.007s] Invoking command in '/home/xenover/Bosch/AMS_system/build/vesc_ackermann': AMENT_PREFIX_PATH=/home/xenover/Bosch/AMS_system/install/vesc_msgs:${AMENT_PREFIX_PATH} CMAKE_PREFIX_PATH=/home/xenover/Bosch/AMS_system/install/vesc_msgs:/opt/ros/humble LD_LIBRARY_PATH=/home/xenover/Bosch/AMS_system/install/vesc_msgs/lib:${LD_LIBRARY_PATH} PYTHONPATH=/home/xenover/Bosch/AMS_system/install/vesc_msgs/local/lib/python3.10/dist-packages:${PYTHONPATH} /usr/bin/cmake /home/xenover/Bosch/AMS_system/vesc/vesc_ackermann -DCMAKE_INSTALL_PREFIX=/home/xenover/Bosch/AMS_system/install/vesc_ackermann
[0.049s] -- The C compiler identification is GNU 11.4.0
[0.090s] -- The CXX compiler identification is GNU 11.4.0
[0.095s] -- Detecting C compiler ABI info
[0.148s] -- Detecting C compiler ABI info - done
[0.153s] -- Check for working C compiler: /usr/bin/cc - skipped
[0.153s] -- Detecting C compile features
[0.153s] -- Detecting C compile features - done
[0.155s] -- Detecting CXX compiler ABI info
[0.215s] -- Detecting CXX compiler ABI info - done
[0.220s] -- Check for working CXX compiler: /usr/bin/c++ - skipped
[0.220s] -- Detecting CXX compile features
[0.221s] -- Detecting CXX compile features - done
[0.222s] -- Found ament_cmake_auto: 1.3.13 (/opt/ros/humble/share/ament_cmake_auto/cmake)
[0.328s] -- Found Python3: /usr/bin/python3 (found version "3.10.12") found components: Interpreter 
[0.458s] -- Found rosidl_generator_c: 3.1.8 (/opt/ros/humble/share/rosidl_generator_c/cmake)
[0.460s] -- Found rosidl_adapter: 3.1.8 (/opt/ros/humble/share/rosidl_adapter/cmake)
[0.466s] -- Found rosidl_generator_cpp: 3.1.8 (/opt/ros/humble/share/rosidl_generator_cpp/cmake)
[0.473s] -- Using all available rosidl_typesupport_c: rosidl_typesupport_fastrtps_c;rosidl_typesupport_introspection_c
[0.483s] -- Using all available rosidl_typesupport_cpp: rosidl_typesupport_fastrtps_cpp;rosidl_typesupport_introspection_cpp
[0.549s] -- Found rmw_implementation_cmake: 6.1.2 (/opt/ros/humble/share/rmw_implementation_cmake/cmake)
[0.551s] -- Found rmw_fastrtps_cpp: 6.2.10 (/opt/ros/humble/share/rmw_fastrtps_cpp/cmake)
[0.626s] -- Found OpenSSL: /usr/lib/x86_64-linux-gnu/libcrypto.so (found version "3.0.2")  
[0.648s] -- Found FastRTPS: /opt/ros/humble/include  
[0.680s] -- Using RMW implementation 'rmw_fastrtps_cpp' as default
[0.685s] -- Looking for pthread.h
[0.745s] -- Looking for pthread.h - found
[0.745s] -- Performing Test CMAKE_HAVE_LIBC_PTHREAD
[0.810s] -- Performing Test CMAKE_HAVE_LIBC_PTHREAD - Success
[0.810s] -- Found Threads: TRUE  
[0.910s] -- Found ament_lint_auto: 0.12.15 (/opt/ros/humble/share/ament_lint_auto/cmake)
[0.921s] [0mIn this package, headers install destination is set to `include` by ament_auto_package. It is recommended to install `include/vesc_ackermann` instead and will be the default behavior of ament_auto_package from ROS 2 Kilted Kaiju. On distributions before Kilted, ament_auto_package behaves the same way when you use USE_SCOPED_HEADER_INSTALL_DIR option.[0m
[0.923s] -- Added test 'copyright' to check source files copyright and LICENSE
[0.924s] -- Added test 'cppcheck' to perform static code analysis on C / C++ code
[0.924s] -- Configured cppcheck include dirs: /home/xenover/Bosch/AMS_system/vesc/vesc_ackermann/include
[0.924s] -- Configured cppcheck exclude dirs and/or files: 
[0.924s] -- Added test 'cpplint' to check C / C++ code against the Google style
[0.924s] -- Configured cpplint exclude dirs and/or files: 
[0.925s] -- Added test 'lint_cmake' to check CMake code style
[0.926s] -- Added test 'uncrustify' to check C / C++ code style
[0.926s] -- Configured uncrustify additional arguments: 
[0.926s] -- Added test 'xmllint' to check XML markup files
[0.928s] -- Configuring done
[0.941s] -- Generating done
[0.946s] -- Build files have been written to: /home/xenover/Bosch/AMS_system/build/vesc_ackermann
[0.955s] Invoked command in '/home/xenover/Bosch/AMS_system/build/vesc_ackermann' returned '0': AMENT_PREFIX_PATH=/home/xenover/Bosch/AMS_system/install/vesc_msgs:${AMENT_PREFIX_PATH} CMAKE_PREFIX_PATH=/home/xenover/Bosch/AMS_system/install/vesc_msgs:/opt/ros/humble LD_LIBRARY_PATH=/home/xenover/Bosch/AMS_system/install/vesc_msgs/lib:${LD_LIBRARY_PATH} PYTHONPATH=/home/xenover/Bosch/AMS_system/install/vesc_msgs/local/lib/python3.10/dist-packages:${PYTHONPATH} /usr/bin/cmake /home/xenover/Bosch/AMS_system/vesc/vesc_ackermann -DCMAKE_INSTALL_PREFIX=/home/xenover/Bosch/AMS_system/install/vesc_ackermann
[0.958s] Invoking command in '/home/xenover/Bosch/AMS_system/build/vesc_ackermann': AMENT_PREFIX_PATH=/home/xenover/Bosch/AMS_system/install/vesc_msgs:${AMENT_PREFIX_PATH} CMAKE_PREFIX_PATH=/home/xenover/Bosch/AMS_system/install/vesc_msgs:/opt/ros/humble LD_LIBRARY_PATH=/home/xenover/Bosch/AMS_system/install/vesc_msgs/lib:${LD_LIBRARY_PATH} PYTHONPATH=/home/xenover/Bosch/AMS_system/install/vesc_msgs/local/lib/python3.10/dist-packages:${PYTHONPATH} /usr/bin/cmake --build /home/xenover/Bosch/AMS_system/build/vesc_ackermann -- -j16 -l16
[1.000s] [ 14%] [32mBuilding CXX object CMakeFiles/ackermann_to_vesc_node.dir/rclcpp_components/node_main_ackermann_to_vesc_node.cpp.o[0m
[1.000s] [ 42%] [32mBuilding CXX object CMakeFiles/vesc_ackermann.dir/src/ackermann_to_vesc.cpp.o[0m
[1.000s] [ 42%] [32mBuilding CXX object CMakeFiles/vesc_ackermann.dir/src/vesc_to_odom.cpp.o[0m
[1.001s] [ 57%] [32mBuilding CXX object CMakeFiles/vesc_to_odom_node.dir/rclcpp_components/node_main_vesc_to_odom_node.cpp.o[0m
[3.288s] [ 71%] [32m[1mLinking CXX executable vesc_to_odom_node[0m
[3.387s] [ 71%] Built target vesc_to_odom_node
[3.418s] [ 85%] [32m[1mLinking CXX executable ackermann_to_vesc_node[0m
[3.511s] [ 85%] Built target ackermann_to_vesc_node
[8.987s] [100%] [32m[1mLinking CXX shared library libvesc_ackermann.so[0m
[9.548s] [100%] Built target vesc_ackermann
[9.559s] Invoked command in '/home/xenover/Bosch/AMS_system/build/vesc_ackermann' returned '0': AMENT_PREFIX_PATH=/home/xenover/Bosch/AMS_system/install/vesc_msgs:${AMENT_PREFIX_PATH} CMAKE_PREFIX_PATH=/home/xenover/Bosch/AMS_system/install/vesc_msgs:/opt/ros/humble LD_LIBRARY_PATH=/home/xenover/Bosch/AMS_system/install/vesc_msgs/lib:${LD_LIBRARY_PATH} PYTHONPATH=/home/xenover/Bosch/AMS_system/install/vesc_msgs/local/lib/python3.10/dist-packages:${PYTHONPATH} /usr/bin/cmake --build /home/xenover/Bosch/AMS_system/build/vesc_ackermann -- -j16 -l16
[9.560s] Invoking command in '/home/xenover/Bosch/AMS_system/build/vesc_ackermann': AMENT_PREFIX_PATH=/home/xenover/Bosch/AMS_system/install/vesc_msgs:${AMENT_PREFIX_PATH} CMAKE_PREFIX_PATH=/home/xenover/Bosch/AMS_system/install/vesc_msgs:/opt/ros/humble LD_LIBRARY_PATH=/home/xenover/Bosch/AMS_system/install/vesc_msgs/lib:${LD_LIBRARY_PATH} PYTHONPATH=/home/xenover/Bosch/AMS_system/install/vesc_msgs/local/lib/python3.10/dist-packages:${PYTHONPATH} /usr/bin/cmake --install /home/xenover/Bosch/AMS_system/build/vesc_ackermann
[9.565s] -- Install configuration: ""
[9.566s] -- Installing: /home/xenover/Bosch/AMS_system/install/vesc_ackermann/lib/vesc_ackermann/ackermann_to_vesc_node
[9.566s] -- Set runtime path of "/home/xenover/Bosch/AMS_system/install/vesc_ackermann/lib/vesc_ackermann/ackermann_to_vesc_node" to ""
[9.566s] -- Installing: /home/xenover/Bosch/AMS_system/install/vesc_ackermann/lib/vesc_ackermann/vesc_to_odom_node
[9.567s] -- Set runtime path of "/home/xenover/Bosch/AMS_system/install/vesc_ackermann/lib/vesc_ackermann/vesc_to_odom_node" to ""
[9.567s] -- Installing: /home/xenover/Bosch/AMS_system/install/vesc_ackermann/include
[9.567s] -- Installing: /home/xenover/Bosch/AMS_system/install/vesc_ackermann/include/vesc_ackermann
[9.567s] -- Installing: /home/xenover/Bosch/AMS_system/install/vesc_ackermann/include/vesc_ackermann/vesc_to_odom.hpp
[9.567s] -- Installing: /home/xenover/Bosch/AMS_system/install/vesc_ackermann/include/vesc_ackermann/ackermann_to_vesc.hpp
[9.567s] -- Installing: /home/xenover/Bosch/AMS_system/install/vesc_ackermann/share/vesc_ackermann/environment/library_path.sh
[9.567s] -- Installing: /home/xenover/Bosch/AMS_system/install/vesc_ackermann/share/vesc_ackermann/environment/library_path.dsv
[9.567s] -- Installing: /home/xenover/Bosch/AMS_system/install/vesc_ackermann/lib/libvesc_ackermann.so
[9.580s] -- Set runtime path of "/home/xenover/Bosch/AMS_system/install/vesc_ackermann/lib/libvesc_ackermann.so" to ""
[9.580s] -- Installing: /home/xenover/Bosch/AMS_system/install/vesc_ackermann/share/vesc_ackermann/launch
[9.580s] -- Installing: /home/xenover/Bosch/AMS_system/install/vesc_ackermann/share/vesc_ackermann/launch/ackermann_to_vesc_node.launch.xml
[9.580s] -- Installing: /home/xenover/Bosch/AMS_system/install/vesc_ackermann/share/vesc_ackermann/launch/vesc_to_odom_node.launch.xml
[9.580s] -- Installing: /home/xenover/Bosch/AMS_system/install/vesc_ackermann/share/ament_index/resource_index/package_run_dependencies/vesc_ackermann
[9.580s] -- Installing: /home/xenover/Bosch/AMS_system/install/vesc_ackermann/share/ament_index/resource_index/parent_prefix_path/vesc_ackermann
[9.581s] -- Installing: /home/xenover/Bosch/AMS_system/install/vesc_ackermann/share/vesc_ackermann/environment/ament_prefix_path.sh
[9.581s] -- Installing: /home/xenover/Bosch/AMS_system/install/vesc_ackermann/share/vesc_ackermann/environment/ament_prefix_path.dsv
[9.581s] -- Installing: /home/xenover/Bosch/AMS_system/install/vesc_ackermann/share/vesc_ackermann/environment/path.sh
[9.581s] -- Installing: /home/xenover/Bosch/AMS_system/install/vesc_ackermann/share/vesc_ackermann/environment/path.dsv
[9.581s] -- Installing: /home/xenover/Bosch/AMS_system/install/vesc_ackermann/share/vesc_ackermann/local_setup.bash
[9.581s] -- Installing: /home/xenover/Bosch/AMS_system/install/vesc_ackermann/share/vesc_ackermann/local_setup.sh
[9.581s] -- Installing: /home/xenover/Bosch/AMS_system/install/vesc_ackermann/share/vesc_ackermann/local_setup.zsh
[9.581s] -- Installing: /home/xenover/Bosch/AMS_system/install/vesc_ackermann/share/vesc_ackermann/local_setup.dsv
[9.581s] -- Installing: /home/xenover/Bosch/AMS_system/install/vesc_ackermann/share/vesc_ackermann/package.dsv
[9.581s] -- Installing: /home/xenover/Bosch/AMS_system/install/vesc_ackermann/share/ament_index/resource_index/packages/vesc_ackermann
[9.581s] -- Installing: /home/xenover/Bosch/AMS_system/install/vesc_ackermann/share/ament_index/resource_index/rclcpp_components/vesc_ackermann
[9.582s] -- Installing: /home/xenover/Bosch/AMS_system/install/vesc_ackermann/share/vesc_ackermann/cmake/ament_cmake_export_dependencies-extras.cmake
[9.582s] -- Installing: /home/xenover/Bosch/AMS_system/install/vesc_ackermann/share/vesc_ackermann/cmake/ament_cmake_export_include_directories-extras.cmake
[9.583s] -- Installing: /home/xenover/Bosch/AMS_system/install/vesc_ackermann/share/vesc_ackermann/cmake/ament_cmake_export_libraries-extras.cmake
[9.584s] -- Installing: /home/xenover/Bosch/AMS_system/install/vesc_ackermann/share/vesc_ackermann/cmake/vesc_ackermannConfig.cmake
[9.584s] -- Installing: /home/xenover/Bosch/AMS_system/install/vesc_ackermann/share/vesc_ackermann/cmake/vesc_ackermannConfig-version.cmake
[9.584s] -- Installing: /home/xenover/Bosch/AMS_system/install/vesc_ackermann/share/vesc_ackermann/package.xml
[9.586s] Invoked command in '/home/xenover/Bosch/AMS_system/build/vesc_ackermann' returned '0': AMENT_PREFIX_PATH=/home/xenover/Bosch/AMS_system/install/vesc_msgs:${AMENT_PREFIX_PATH} CMAKE_PREFIX_PATH=/home/xenover/Bosch/AMS_system/install/vesc_msgs:/opt/ros/humble LD_LIBRARY_PATH=/home/xenover/Bosch/AMS_system/install/vesc_msgs/lib:${LD_LIBRARY_PATH} PYTHONPATH=/home/xenover/Bosch/AMS_system/install/vesc_msgs/local/lib/python3.10/dist-packages:${PYTHONPATH} /usr/bin/cmake --install /home/xenover/Bosch/AMS_system/build/vesc_ackermann
