[0.373s] Invoking command in '/home/xenover/Bosch/AMS_system/teleop_tools/joy_teleop': AMENT_PREFIX_PATH=/home/xenover/Bosch/AMS_system/install/teleop_tools_msgs:${AMENT_PREFIX_PATH} CMAKE_PREFIX_PATH=/home/xenover/Bosch/AMS_system/install/teleop_tools_msgs LD_LIBRARY_PATH=/home/xenover/Bosch/AMS_system/install/teleop_tools_msgs/lib:${LD_LIBRARY_PATH} PYTHONPATH=/home/xenover/Bosch/AMS_system/build/joy_teleop/prefix_override:/usr/lib/python3/dist-packages/colcon_core/task/python/colcon_distutils_commands:/home/xenover/Bosch/AMS_system/install/joy_teleop/lib/python3.10/site-packages:/home/xenover/Bosch/AMS_system/install/teleop_tools_msgs/local/lib/python3.10/dist-packages:${PYTHONPATH} /usr/bin/python3 -W ignore:setup.py install is deprecated -W ignore:easy_install command is deprecated setup.py egg_info --egg-base ../../build/joy_teleop build --build-base /home/xenover/Bosch/AMS_system/build/joy_teleop/build install --record /home/xenover/Bosch/AMS_system/build/joy_teleop/install.log --single-version-externally-managed install_data
[0.511s] running egg_info
[0.511s] creating ../../build/joy_teleop/joy_teleop.egg-info
[0.511s] writing ../../build/joy_teleop/joy_teleop.egg-info/PKG-INFO
[0.511s] writing dependency_links to ../../build/joy_teleop/joy_teleop.egg-info/dependency_links.txt
[0.512s] writing entry points to ../../build/joy_teleop/joy_teleop.egg-info/entry_points.txt
[0.512s] writing requirements to ../../build/joy_teleop/joy_teleop.egg-info/requires.txt
[0.512s] writing top-level names to ../../build/joy_teleop/joy_teleop.egg-info/top_level.txt
[0.512s] writing manifest file '../../build/joy_teleop/joy_teleop.egg-info/SOURCES.txt'
[0.513s] reading manifest file '../../build/joy_teleop/joy_teleop.egg-info/SOURCES.txt'
[0.513s] writing manifest file '../../build/joy_teleop/joy_teleop.egg-info/SOURCES.txt'
[0.513s] running build
[0.513s] running build_py
[0.513s] creating /home/xenover/Bosch/AMS_system/build/joy_teleop/build
[0.513s] creating /home/xenover/Bosch/AMS_system/build/joy_teleop/build/lib
[0.513s] creating /home/xenover/Bosch/AMS_system/build/joy_teleop/build/lib/joy_teleop
[0.513s] copying joy_teleop/incrementer_server.py -> /home/xenover/Bosch/AMS_system/build/joy_teleop/build/lib/joy_teleop
[0.514s] copying joy_teleop/__init__.py -> /home/xenover/Bosch/AMS_system/build/joy_teleop/build/lib/joy_teleop
[0.514s] copying joy_teleop/joy_teleop.py -> /home/xenover/Bosch/AMS_system/build/joy_teleop/build/lib/joy_teleop
[0.514s] running install
[0.514s] running install_lib
[0.514s] creating /home/xenover/Bosch/AMS_system/install/joy_teleop/lib/python3.10/site-packages/joy_teleop
[0.515s] copying /home/xenover/Bosch/AMS_system/build/joy_teleop/build/lib/joy_teleop/incrementer_server.py -> /home/xenover/Bosch/AMS_system/install/joy_teleop/lib/python3.10/site-packages/joy_teleop
[0.515s] copying /home/xenover/Bosch/AMS_system/build/joy_teleop/build/lib/joy_teleop/__init__.py -> /home/xenover/Bosch/AMS_system/install/joy_teleop/lib/python3.10/site-packages/joy_teleop
[0.515s] copying /home/xenover/Bosch/AMS_system/build/joy_teleop/build/lib/joy_teleop/joy_teleop.py -> /home/xenover/Bosch/AMS_system/install/joy_teleop/lib/python3.10/site-packages/joy_teleop
[0.515s] byte-compiling /home/xenover/Bosch/AMS_system/install/joy_teleop/lib/python3.10/site-packages/joy_teleop/incrementer_server.py to incrementer_server.cpython-310.pyc
[0.515s] byte-compiling /home/xenover/Bosch/AMS_system/install/joy_teleop/lib/python3.10/site-packages/joy_teleop/__init__.py to __init__.cpython-310.pyc
[0.516s] byte-compiling /home/xenover/Bosch/AMS_system/install/joy_teleop/lib/python3.10/site-packages/joy_teleop/joy_teleop.py to joy_teleop.cpython-310.pyc
[0.517s] running install_data
[0.517s] copying package.xml -> /home/xenover/Bosch/AMS_system/install/joy_teleop/share/joy_teleop
[0.517s] creating /home/xenover/Bosch/AMS_system/install/joy_teleop/share/joy_teleop/config
[0.517s] copying config/joy_teleop_example.yaml -> /home/xenover/Bosch/AMS_system/install/joy_teleop/share/joy_teleop/config
[0.517s] creating /home/xenover/Bosch/AMS_system/install/joy_teleop/share/joy_teleop/launch
[0.517s] copying launch/example.launch.py -> /home/xenover/Bosch/AMS_system/install/joy_teleop/share/joy_teleop/launch
[0.518s] creating /home/xenover/Bosch/AMS_system/install/joy_teleop/share/ament_index
[0.518s] creating /home/xenover/Bosch/AMS_system/install/joy_teleop/share/ament_index/resource_index
[0.518s] creating /home/xenover/Bosch/AMS_system/install/joy_teleop/share/ament_index/resource_index/packages
[0.518s] copying resource/joy_teleop -> /home/xenover/Bosch/AMS_system/install/joy_teleop/share/ament_index/resource_index/packages
[0.518s] running install_egg_info
[0.519s] Copying ../../build/joy_teleop/joy_teleop.egg-info to /home/xenover/Bosch/AMS_system/install/joy_teleop/lib/python3.10/site-packages/joy_teleop-0.3.0-py3.10.egg-info
[0.519s] running install_scripts
[0.533s] Installing incrementer_server script to /home/xenover/Bosch/AMS_system/install/joy_teleop/lib/joy_teleop
[0.533s] Installing joy_teleop script to /home/xenover/Bosch/AMS_system/install/joy_teleop/lib/joy_teleop
[0.533s] writing list of installed files to '/home/xenover/Bosch/AMS_system/build/joy_teleop/install.log'
[0.554s] Invoked command in '/home/xenover/Bosch/AMS_system/teleop_tools/joy_teleop' returned '0': AMENT_PREFIX_PATH=/home/xenover/Bosch/AMS_system/install/teleop_tools_msgs:${AMENT_PREFIX_PATH} CMAKE_PREFIX_PATH=/home/xenover/Bosch/AMS_system/install/teleop_tools_msgs LD_LIBRARY_PATH=/home/xenover/Bosch/AMS_system/install/teleop_tools_msgs/lib:${LD_LIBRARY_PATH} PYTHONPATH=/home/xenover/Bosch/AMS_system/build/joy_teleop/prefix_override:/usr/lib/python3/dist-packages/colcon_core/task/python/colcon_distutils_commands:/home/xenover/Bosch/AMS_system/install/joy_teleop/lib/python3.10/site-packages:/home/xenover/Bosch/AMS_system/install/teleop_tools_msgs/local/lib/python3.10/dist-packages:${PYTHONPATH} /usr/bin/python3 -W ignore:setup.py install is deprecated -W ignore:easy_install command is deprecated setup.py egg_info --egg-base ../../build/joy_teleop build --build-base /home/xenover/Bosch/AMS_system/build/joy_teleop/build install --record /home/xenover/Bosch/AMS_system/build/joy_teleop/install.log --single-version-externally-managed install_data
