[0.514s] Invoking command in '/home/xenover/Bosch/AMS_system/teleop_tools/key_teleop': PYTHONPATH=/home/xenover/Bosch/AMS_system/build/key_teleop/prefix_override:/usr/lib/python3/dist-packages/colcon_core/task/python/colcon_distutils_commands:/home/xenover/Bosch/AMS_system/install/key_teleop/lib/python3.10/site-packages:${PYTHONPATH} /usr/bin/python3 -W ignore:setup.py install is deprecated -W ignore:easy_install command is deprecated setup.py egg_info --egg-base ../../build/key_teleop build --build-base /home/xenover/Bosch/AMS_system/build/key_teleop/build install --record /home/xenover/Bosch/AMS_system/build/key_teleop/install.log --single-version-externally-managed install_data
[0.647s] running egg_info
[0.647s] creating ../../build/key_teleop/key_teleop.egg-info
[0.647s] writing ../../build/key_teleop/key_teleop.egg-info/PKG-INFO
[0.647s] writing dependency_links to ../../build/key_teleop/key_teleop.egg-info/dependency_links.txt
[0.647s] writing entry points to ../../build/key_teleop/key_teleop.egg-info/entry_points.txt
[0.647s] writing requirements to ../../build/key_teleop/key_teleop.egg-info/requires.txt
[0.648s] writing top-level names to ../../build/key_teleop/key_teleop.egg-info/top_level.txt
[0.648s] writing manifest file '../../build/key_teleop/key_teleop.egg-info/SOURCES.txt'
[0.648s] reading manifest file '../../build/key_teleop/key_teleop.egg-info/SOURCES.txt'
[0.648s] adding license file 'LICENSE'
[0.649s] writing manifest file '../../build/key_teleop/key_teleop.egg-info/SOURCES.txt'
[0.649s] running build
[0.649s] running build_py
[0.649s] creating /home/xenover/Bosch/AMS_system/build/key_teleop/build
[0.649s] creating /home/xenover/Bosch/AMS_system/build/key_teleop/build/lib
[0.649s] creating /home/xenover/Bosch/AMS_system/build/key_teleop/build/lib/key_teleop
[0.649s] copying key_teleop/key_teleop.py -> /home/xenover/Bosch/AMS_system/build/key_teleop/build/lib/key_teleop
[0.649s] copying key_teleop/__init__.py -> /home/xenover/Bosch/AMS_system/build/key_teleop/build/lib/key_teleop
[0.649s] running install
[0.649s] running install_lib
[0.650s] creating /home/xenover/Bosch/AMS_system/install/key_teleop/lib/python3.10/site-packages/key_teleop
[0.650s] copying /home/xenover/Bosch/AMS_system/build/key_teleop/build/lib/key_teleop/key_teleop.py -> /home/xenover/Bosch/AMS_system/install/key_teleop/lib/python3.10/site-packages/key_teleop
[0.650s] copying /home/xenover/Bosch/AMS_system/build/key_teleop/build/lib/key_teleop/__init__.py -> /home/xenover/Bosch/AMS_system/install/key_teleop/lib/python3.10/site-packages/key_teleop
[0.650s] byte-compiling /home/xenover/Bosch/AMS_system/install/key_teleop/lib/python3.10/site-packages/key_teleop/key_teleop.py to key_teleop.cpython-310.pyc
[0.651s] byte-compiling /home/xenover/Bosch/AMS_system/install/key_teleop/lib/python3.10/site-packages/key_teleop/__init__.py to __init__.cpython-310.pyc
[0.651s] running install_data
[0.651s] copying package.xml -> /home/xenover/Bosch/AMS_system/install/key_teleop/share/key_teleop
[0.652s] creating /home/xenover/Bosch/AMS_system/install/key_teleop/share/key_teleop/config
[0.652s] copying config/key_teleop.yaml -> /home/xenover/Bosch/AMS_system/install/key_teleop/share/key_teleop/config
[0.652s] creating /home/xenover/Bosch/AMS_system/install/key_teleop/share/ament_index
[0.652s] creating /home/xenover/Bosch/AMS_system/install/key_teleop/share/ament_index/resource_index
[0.652s] creating /home/xenover/Bosch/AMS_system/install/key_teleop/share/ament_index/resource_index/packages
[0.652s] copying resource/key_teleop -> /home/xenover/Bosch/AMS_system/install/key_teleop/share/ament_index/resource_index/packages
[0.652s] running install_egg_info
[0.653s] Copying ../../build/key_teleop/key_teleop.egg-info to /home/xenover/Bosch/AMS_system/install/key_teleop/lib/python3.10/site-packages/key_teleop-0.3.0-py3.10.egg-info
[0.653s] running install_scripts
[0.666s] Installing key_teleop script to /home/xenover/Bosch/AMS_system/install/key_teleop/lib/key_teleop
[0.666s] writing list of installed files to '/home/xenover/Bosch/AMS_system/build/key_teleop/install.log'
[0.687s] Invoked command in '/home/xenover/Bosch/AMS_system/teleop_tools/key_teleop' returned '0': PYTHONPATH=/home/xenover/Bosch/AMS_system/build/key_teleop/prefix_override:/usr/lib/python3/dist-packages/colcon_core/task/python/colcon_distutils_commands:/home/xenover/Bosch/AMS_system/install/key_teleop/lib/python3.10/site-packages:${PYTHONPATH} /usr/bin/python3 -W ignore:setup.py install is deprecated -W ignore:easy_install command is deprecated setup.py egg_info --egg-base ../../build/key_teleop build --build-base /home/xenover/Bosch/AMS_system/build/key_teleop/build install --record /home/xenover/Bosch/AMS_system/build/key_teleop/install.log --single-version-externally-managed install_data
