[0.015s] Invoking command in '/home/xenover/Bosch/AMS_system/build/ackermann_mux': CMAKE_PREFIX_PATH=/opt/ros/humble /usr/bin/cmake /home/xenover/Bosch/AMS_system/ackermann_mux -DCMAKE_INSTALL_PREFIX=/home/xenover/Bosch/AMS_system/install/ackermann_mux
[0.164s] -- The C compiler identification is GNU 11.4.0
[0.164s] -- The CXX compiler identification is GNU 11.4.0
[0.164s] -- Detecting C compiler ABI info
[0.164s] -- Detecting C compiler ABI info - done
[0.164s] -- Check for working C compiler: /usr/bin/cc - skipped
[0.164s] -- Detecting C compile features
[0.164s] -- Detecting C compile features - done
[0.164s] -- Detecting CXX compiler ABI info
[0.215s] -- Detecting CXX compiler ABI info - done
[0.221s] -- Check for working CXX compiler: /usr/bin/c++ - skipped
[0.221s] -- Detecting CXX compile features
[0.222s] -- Detecting CXX compile features - done
[0.223s] -- Found ament_cmake: 1.3.13 (/opt/ros/humble/share/ament_cmake/cmake)
[0.324s] -- Found Python3: /usr/bin/python3 (found version "3.10.12") found components: Interpreter 
[0.381s] -- Found rclcpp: 16.0.18 (/opt/ros/humble/share/rclcpp/cmake)
[0.405s] -- Found rosidl_generator_c: 3.1.8 (/opt/ros/humble/share/rosidl_generator_c/cmake)
[0.408s] -- Found rosidl_adapter: 3.1.8 (/opt/ros/humble/share/rosidl_adapter/cmake)
[0.413s] -- Found rosidl_generator_cpp: 3.1.8 (/opt/ros/humble/share/rosidl_generator_cpp/cmake)
[0.419s] -- Using all available rosidl_typesupport_c: rosidl_typesupport_fastrtps_c;rosidl_typesupport_introspection_c
[0.430s] -- Using all available rosidl_typesupport_cpp: rosidl_typesupport_fastrtps_cpp;rosidl_typesupport_introspection_cpp
[0.455s] -- Found rmw_implementation_cmake: 6.1.2 (/opt/ros/humble/share/rmw_implementation_cmake/cmake)
[0.457s] -- Found rmw_fastrtps_cpp: 6.2.10 (/opt/ros/humble/share/rmw_fastrtps_cpp/cmake)
[0.527s] -- Found OpenSSL: /usr/lib/x86_64-linux-gnu/libcrypto.so (found version "3.0.2")  
[0.547s] -- Found FastRTPS: /opt/ros/humble/include  
[0.580s] -- Using RMW implementation 'rmw_fastrtps_cpp' as default
[0.584s] -- Looking for pthread.h
[0.645s] -- Looking for pthread.h - found
[0.645s] -- Performing Test CMAKE_HAVE_LIBC_PTHREAD
[0.706s] -- Performing Test CMAKE_HAVE_LIBC_PTHREAD - Success
[0.708s] -- Found Threads: TRUE  
[0.739s] -- Found ackermann_msgs: 2.0.2 (/opt/ros/humble/share/ackermann_msgs/cmake)
[0.747s] -- Found diagnostic_updater: 4.0.6 (/opt/ros/humble/share/diagnostic_updater/cmake)
[0.759s] -- Found ament_lint_auto: 0.12.15 (/opt/ros/humble/share/ament_lint_auto/cmake)
[0.823s] -- Found python_cmake_module: 0.10.0 (/opt/ros/humble/share/python_cmake_module/cmake)
[0.838s] -- Found PythonInterp: /usr/bin/python3 (found suitable version "3.10.12", minimum required is "3.6") 
[0.841s] -- Found PythonLibs: /usr/lib/x86_64-linux-gnu/libpython3.10.so (found suitable version "3.10.12", minimum required is "3.5") 
[0.841s] -- Using PYTHON_EXECUTABLE: /usr/bin/python3
[0.841s] -- Using PYTHON_INCLUDE_DIRS: /usr/include/python3.10
[0.841s] -- Using PYTHON_LIBRARIES: /usr/lib/x86_64-linux-gnu/libpython3.10.so
[0.856s] -- Found PythonExtra: .so  
[0.865s] -- Added test 'xmllint' to check XML markup files
[0.866s] -- Added test 'copyright' to check source files copyright and LICENSE
[0.867s] -- Added test 'cppcheck' to perform static code analysis on C / C++ code
[0.867s] -- Configured cppcheck include dirs: /home/xenover/Bosch/AMS_system/ackermann_mux/include
[0.867s] -- Configured cppcheck exclude dirs and/or files: 
[0.869s] -- Added test 'cpplint' to check C / C++ code against the Google style
[0.869s] -- Configured cpplint exclude dirs and/or files: 
[0.869s] -- Added test 'flake8' to check Python code syntax and style conventions
[0.869s] -- Added test 'lint_cmake' to check CMake code style
[0.870s] -- Added test 'pep257' to check Python code against some of the docstring style conventions in PEP 257
[0.871s] -- Added test 'uncrustify' to check C / C++ code style
[0.871s] -- Configured uncrustify additional arguments: 
[0.873s] -- Configuring done
[0.879s] -- Generating done
[0.882s] -- Build files have been written to: /home/xenover/Bosch/AMS_system/build/ackermann_mux
[0.891s] Invoked command in '/home/xenover/Bosch/AMS_system/build/ackermann_mux' returned '0': CMAKE_PREFIX_PATH=/opt/ros/humble /usr/bin/cmake /home/xenover/Bosch/AMS_system/ackermann_mux -DCMAKE_INSTALL_PREFIX=/home/xenover/Bosch/AMS_system/install/ackermann_mux
[0.891s] Invoking command in '/home/xenover/Bosch/AMS_system/build/ackermann_mux': CMAKE_PREFIX_PATH=/opt/ros/humble /usr/bin/cmake --build /home/xenover/Bosch/AMS_system/build/ackermann_mux -- -j16 -l16
[0.935s] [ 50%] [32mBuilding CXX object CMakeFiles/ackermann_mux.dir/src/ackermann_mux.cpp.o[0m
[0.935s] [ 50%] [32mBuilding CXX object CMakeFiles/ackermann_mux.dir/src/ackermann_mux_node.cpp.o[0m
[0.936s] [ 75%] [32mBuilding CXX object CMakeFiles/ackermann_mux.dir/src/ackermann_mux_diagnostics.cpp.o[0m
[9.957s] [100%] [32m[1mLinking CXX executable ackermann_mux[0m
[10.372s] [100%] Built target ackermann_mux
[10.383s] Invoked command in '/home/xenover/Bosch/AMS_system/build/ackermann_mux' returned '0': CMAKE_PREFIX_PATH=/opt/ros/humble /usr/bin/cmake --build /home/xenover/Bosch/AMS_system/build/ackermann_mux -- -j16 -l16
[10.385s] Invoking command in '/home/xenover/Bosch/AMS_system/build/ackermann_mux': CMAKE_PREFIX_PATH=/opt/ros/humble /usr/bin/cmake --install /home/xenover/Bosch/AMS_system/build/ackermann_mux
[10.391s] -- Install configuration: ""
[10.391s] -- Installing: /home/xenover/Bosch/AMS_system/install/ackermann_mux/lib/ackermann_mux/ackermann_mux
[10.396s] -- Set runtime path of "/home/xenover/Bosch/AMS_system/install/ackermann_mux/lib/ackermann_mux/ackermann_mux" to ""
[10.396s] -- Installing: /home/xenover/Bosch/AMS_system/install/ackermann_mux/share/ackermann_mux/launch
[10.396s] -- Installing: /home/xenover/Bosch/AMS_system/install/ackermann_mux/share/ackermann_mux/launch/ackermann_mux_launch.py
[10.396s] -- Installing: /home/xenover/Bosch/AMS_system/install/ackermann_mux/share/ackermann_mux/config
[10.396s] -- Installing: /home/xenover/Bosch/AMS_system/install/ackermann_mux/share/ackermann_mux/config/ackermann_mux_locks.yaml
[10.396s] -- Installing: /home/xenover/Bosch/AMS_system/install/ackermann_mux/share/ackermann_mux/config/ackermann_mux_topics.yaml
[10.396s] -- Installing: /home/xenover/Bosch/AMS_system/install/ackermann_mux/share/ackermann_mux/config/joystick.yaml
[10.397s] -- Installing: /home/xenover/Bosch/AMS_system/install/ackermann_mux/include
[10.397s] -- Installing: /home/xenover/Bosch/AMS_system/install/ackermann_mux/include/ackermann_mux
[10.397s] -- Installing: /home/xenover/Bosch/AMS_system/install/ackermann_mux/include/ackermann_mux/utils.hpp
[10.397s] -- Installing: /home/xenover/Bosch/AMS_system/install/ackermann_mux/include/ackermann_mux/topic_handle.hpp
[10.397s] -- Installing: /home/xenover/Bosch/AMS_system/install/ackermann_mux/include/ackermann_mux/params_helpers.hpp
[10.397s] -- Installing: /home/xenover/Bosch/AMS_system/install/ackermann_mux/include/ackermann_mux/ackermann_mux_diagnostics.hpp
[10.397s] -- Installing: /home/xenover/Bosch/AMS_system/install/ackermann_mux/include/ackermann_mux/ackermann_mux.hpp
[10.397s] -- Installing: /home/xenover/Bosch/AMS_system/install/ackermann_mux/include/ackermann_mux/ackermann_mux_diagnostics_status.hpp
[10.397s] -- Installing: /home/xenover/Bosch/AMS_system/install/ackermann_mux/share/ament_index/resource_index/package_run_dependencies/ackermann_mux
[10.397s] -- Installing: /home/xenover/Bosch/AMS_system/install/ackermann_mux/share/ament_index/resource_index/parent_prefix_path/ackermann_mux
[10.397s] -- Installing: /home/xenover/Bosch/AMS_system/install/ackermann_mux/share/ackermann_mux/environment/ament_prefix_path.sh
[10.397s] -- Installing: /home/xenover/Bosch/AMS_system/install/ackermann_mux/share/ackermann_mux/environment/ament_prefix_path.dsv
[10.398s] -- Installing: /home/xenover/Bosch/AMS_system/install/ackermann_mux/share/ackermann_mux/environment/path.sh
[10.398s] -- Installing: /home/xenover/Bosch/AMS_system/install/ackermann_mux/share/ackermann_mux/environment/path.dsv
[10.398s] -- Installing: /home/xenover/Bosch/AMS_system/install/ackermann_mux/share/ackermann_mux/local_setup.bash
[10.398s] -- Installing: /home/xenover/Bosch/AMS_system/install/ackermann_mux/share/ackermann_mux/local_setup.sh
[10.398s] -- Installing: /home/xenover/Bosch/AMS_system/install/ackermann_mux/share/ackermann_mux/local_setup.zsh
[10.398s] -- Installing: /home/xenover/Bosch/AMS_system/install/ackermann_mux/share/ackermann_mux/local_setup.dsv
[10.398s] -- Installing: /home/xenover/Bosch/AMS_system/install/ackermann_mux/share/ackermann_mux/package.dsv
[10.398s] -- Installing: /home/xenover/Bosch/AMS_system/install/ackermann_mux/share/ament_index/resource_index/packages/ackermann_mux
[10.398s] -- Installing: /home/xenover/Bosch/AMS_system/install/ackermann_mux/share/ackermann_mux/cmake/ament_cmake_export_include_directories-extras.cmake
[10.398s] -- Installing: /home/xenover/Bosch/AMS_system/install/ackermann_mux/share/ackermann_mux/cmake/ament_cmake_export_dependencies-extras.cmake
[10.399s] -- Installing: /home/xenover/Bosch/AMS_system/install/ackermann_mux/share/ackermann_mux/cmake/ackermann_muxConfig.cmake
[10.399s] -- Installing: /home/xenover/Bosch/AMS_system/install/ackermann_mux/share/ackermann_mux/cmake/ackermann_muxConfig-version.cmake
[10.399s] -- Installing: /home/xenover/Bosch/AMS_system/install/ackermann_mux/share/ackermann_mux/package.xml
[10.401s] Invoked command in '/home/xenover/Bosch/AMS_system/build/ackermann_mux' returned '0': CMAKE_PREFIX_PATH=/opt/ros/humble /usr/bin/cmake --install /home/xenover/Bosch/AMS_system/build/ackermann_mux
