[0.018s] Invoking command in '/home/xenover/Bosch/AMS_system/build/vesc_msgs': CMAKE_PREFIX_PATH=/opt/ros/humble /usr/bin/cmake /home/xenover/Bosch/AMS_system/vesc/vesc_msgs -DCMAKE_INSTALL_PREFIX=/home/xenover/Bosch/AMS_system/install/vesc_msgs
[0.169s] -- The C compiler identification is GNU 11.4.0
[0.169s] -- The CXX compiler identification is GNU 11.4.0
[0.169s] -- Detecting C compiler ABI info
[0.169s] -- Detecting C compiler ABI info - done
[0.170s] -- Check for working C compiler: /usr/bin/cc - skipped
[0.170s] -- Detecting C compile features
[0.170s] -- Detecting C compile features - done
[0.170s] -- Detecting CXX compiler ABI info
[0.222s] -- Detecting CXX compiler ABI info - done
[0.229s] -- Check for working CXX compiler: /usr/bin/c++ - skipped
[0.229s] -- Detecting CXX compile features
[0.229s] -- Detecting CXX compile features - done
[0.230s] -- Found ament_cmake_auto: 1.3.13 (/opt/ros/humble/share/ament_cmake_auto/cmake)
[0.331s] -- Found Python3: /usr/bin/python3 (found version "3.10.12") found components: Interpreter 
[0.428s] -- Using all available rosidl_typesupport_c: rosidl_typesupport_fastrtps_c;rosidl_typesupport_introspection_c
[0.432s] -- Found rosidl_adapter: 3.1.8 (/opt/ros/humble/share/rosidl_adapter/cmake)
[0.456s] -- Using all available rosidl_typesupport_cpp: rosidl_typesupport_fastrtps_cpp;rosidl_typesupport_introspection_cpp
[0.658s] -- Found ament_cmake_ros: 0.10.0 (/opt/ros/humble/share/ament_cmake_ros/cmake)
[0.825s] -- Using all available rosidl_typesupport_c: rosidl_typesupport_fastrtps_c;rosidl_typesupport_introspection_c
[1.045s] -- Using all available rosidl_typesupport_cpp: rosidl_typesupport_fastrtps_cpp;rosidl_typesupport_introspection_cpp
[1.060s] -- Found PythonInterp: /usr/bin/python3 (found suitable version "3.10.12", minimum required is "3.6") 
[1.061s] -- Found python_cmake_module: 0.10.0 (/opt/ros/humble/share/python_cmake_module/cmake)
[1.080s] -- Found PythonLibs: /usr/lib/x86_64-linux-gnu/libpython3.10.so (found suitable version "3.10.12", minimum required is "3.5") 
[1.080s] -- Using PYTHON_EXECUTABLE: /usr/bin/python3
[1.080s] -- Using PYTHON_INCLUDE_DIRS: /usr/include/python3.10
[1.080s] -- Using PYTHON_LIBRARIES: /usr/lib/x86_64-linux-gnu/libpython3.10.so
[1.094s] -- Found PythonExtra: .so  
[1.134s] -- Found ament_lint_auto: 0.12.15 (/opt/ros/humble/share/ament_lint_auto/cmake)
[1.146s] -- Added test 'copyright' to check source files copyright and LICENSE
[1.147s] -- Added test 'lint_cmake' to check CMake code style
[1.148s] -- Added test 'xmllint' to check XML markup files
[1.149s] -- Configuring done
[1.177s] -- Generating done
[1.185s] -- Build files have been written to: /home/xenover/Bosch/AMS_system/build/vesc_msgs
[1.193s] Invoked command in '/home/xenover/Bosch/AMS_system/build/vesc_msgs' returned '0': CMAKE_PREFIX_PATH=/opt/ros/humble /usr/bin/cmake /home/xenover/Bosch/AMS_system/vesc/vesc_msgs -DCMAKE_INSTALL_PREFIX=/home/xenover/Bosch/AMS_system/install/vesc_msgs
[1.194s] Invoking command in '/home/xenover/Bosch/AMS_system/build/vesc_msgs': CMAKE_PREFIX_PATH=/opt/ros/humble /usr/bin/cmake --build /home/xenover/Bosch/AMS_system/build/vesc_msgs -- -j16 -l16
[1.229s] [  1%] [34m[1mGenerating C code for ROS interfaces[0m
[1.239s] [  3%] [34m[1mGenerating C++ code for ROS interfaces[0m
[1.243s] [  3%] Built target ament_cmake_python_copy_vesc_msgs
[1.395s] running egg_info
[1.396s] creating vesc_msgs.egg-info
[1.396s] writing vesc_msgs.egg-info/PKG-INFO
[1.396s] writing dependency_links to vesc_msgs.egg-info/dependency_links.txt
[1.396s] writing top-level names to vesc_msgs.egg-info/top_level.txt
[1.396s] writing manifest file 'vesc_msgs.egg-info/SOURCES.txt'
[1.398s] reading manifest file 'vesc_msgs.egg-info/SOURCES.txt'
[1.398s] writing manifest file 'vesc_msgs.egg-info/SOURCES.txt'
[1.422s] [  3%] Built target ament_cmake_python_build_vesc_msgs_egg
[1.674s] [  3%] Built target vesc_msgs__cpp
[1.684s] [  5%] [34m[1mGenerating C++ type support dispatch for ROS interfaces[0m
[1.687s] [  9%] [34m[1mGenerating C++ introspection for ROS interfaces[0m
[1.687s] [  9%] [34m[1mGenerating C++ type support for eProsima Fast-RTPS[0m
[1.770s] [ 14%] [32mBuilding C object CMakeFiles/vesc_msgs__rosidl_generator_c.dir/rosidl_generator_c/vesc_msgs/msg/detail/vesc_imu_stamped__functions.c.o[0m
[1.770s] [ 14%] [32mBuilding C object CMakeFiles/vesc_msgs__rosidl_generator_c.dir/rosidl_generator_c/vesc_msgs/msg/detail/vesc_state__functions.c.o[0m
[1.771s] [ 14%] [32mBuilding C object CMakeFiles/vesc_msgs__rosidl_generator_c.dir/rosidl_generator_c/vesc_msgs/msg/detail/vesc_state_stamped__functions.c.o[0m
[1.771s] [ 16%] [32mBuilding C object CMakeFiles/vesc_msgs__rosidl_generator_c.dir/rosidl_generator_c/vesc_msgs/msg/detail/vesc_imu__functions.c.o[0m
[1.848s] [ 18%] [32m[1mLinking C shared library libvesc_msgs__rosidl_generator_c.so[0m
[1.892s] [ 18%] Built target vesc_msgs__rosidl_generator_c
[1.902s] [ 21%] [34m[1mGenerating C type support for eProsima Fast-RTPS[0m
[1.902s] [ 21%] [34m[1mGenerating C type support dispatch for ROS interfaces[0m
[1.902s] [ 23%] [34m[1mGenerating C introspection for ROS interfaces[0m
[2.191s] [ 30%] [32mBuilding CXX object CMakeFiles/vesc_msgs__rosidl_typesupport_cpp.dir/rosidl_typesupport_cpp/vesc_msgs/msg/vesc_imu_stamped__type_support.cpp.o[0m
[2.191s] [ 30%] [32mBuilding CXX object CMakeFiles/vesc_msgs__rosidl_typesupport_cpp.dir/rosidl_typesupport_cpp/vesc_msgs/msg/vesc_state__type_support.cpp.o[0m
[2.191s] [ 30%] [32mBuilding CXX object CMakeFiles/vesc_msgs__rosidl_typesupport_cpp.dir/rosidl_typesupport_cpp/vesc_msgs/msg/vesc_state_stamped__type_support.cpp.o[0m
[2.191s] [ 30%] [32mBuilding CXX object CMakeFiles/vesc_msgs__rosidl_typesupport_cpp.dir/rosidl_typesupport_cpp/vesc_msgs/msg/vesc_imu__type_support.cpp.o[0m
[2.243s] [ 36%] [32mBuilding CXX object CMakeFiles/vesc_msgs__rosidl_typesupport_introspection_cpp.dir/rosidl_typesupport_introspection_cpp/vesc_msgs/msg/detail/vesc_state_stamped__type_support.cpp.o[0m
[2.243s] [ 36%] [32mBuilding CXX object CMakeFiles/vesc_msgs__rosidl_typesupport_introspection_cpp.dir/rosidl_typesupport_introspection_cpp/vesc_msgs/msg/detail/vesc_state__type_support.cpp.o[0m
[2.245s] [ 36%] [32mBuilding CXX object CMakeFiles/vesc_msgs__rosidl_typesupport_introspection_cpp.dir/rosidl_typesupport_introspection_cpp/vesc_msgs/msg/detail/vesc_imu__type_support.cpp.o[0m
[2.248s] [ 38%] [32mBuilding CXX object CMakeFiles/vesc_msgs__rosidl_typesupport_introspection_cpp.dir/rosidl_typesupport_introspection_cpp/vesc_msgs/msg/detail/vesc_imu_stamped__type_support.cpp.o[0m
[2.254s] [ 40%] [32mBuilding CXX object CMakeFiles/vesc_msgs__rosidl_typesupport_fastrtps_cpp.dir/rosidl_typesupport_fastrtps_cpp/vesc_msgs/msg/detail/dds_fastrtps/vesc_imu__type_support.cpp.o[0m
[2.256s] [ 41%] [32mBuilding CXX object CMakeFiles/vesc_msgs__rosidl_typesupport_fastrtps_cpp.dir/rosidl_typesupport_fastrtps_cpp/vesc_msgs/msg/detail/dds_fastrtps/vesc_state_stamped__type_support.cpp.o[0m
[2.257s] [ 43%] [32mBuilding CXX object CMakeFiles/vesc_msgs__rosidl_typesupport_fastrtps_cpp.dir/rosidl_typesupport_fastrtps_cpp/vesc_msgs/msg/detail/dds_fastrtps/vesc_state__type_support.cpp.o[0m
[2.259s] [ 45%] [32mBuilding CXX object CMakeFiles/vesc_msgs__rosidl_typesupport_fastrtps_cpp.dir/rosidl_typesupport_fastrtps_cpp/vesc_msgs/msg/detail/dds_fastrtps/vesc_imu_stamped__type_support.cpp.o[0m
[2.458s] [ 47%] [32mBuilding CXX object CMakeFiles/vesc_msgs__rosidl_typesupport_c.dir/rosidl_typesupport_c/vesc_msgs/msg/vesc_state__type_support.cpp.o[0m
[2.462s] [ 49%] [32mBuilding CXX object CMakeFiles/vesc_msgs__rosidl_typesupport_c.dir/rosidl_typesupport_c/vesc_msgs/msg/vesc_state_stamped__type_support.cpp.o[0m
[2.468s] [ 50%] [32m[1mLinking CXX shared library libvesc_msgs__rosidl_typesupport_cpp.so[0m
[2.469s] [ 52%] [32mBuilding CXX object CMakeFiles/vesc_msgs__rosidl_typesupport_c.dir/rosidl_typesupport_c/vesc_msgs/msg/vesc_imu__type_support.cpp.o[0m
[2.480s] [ 54%] [32mBuilding CXX object CMakeFiles/vesc_msgs__rosidl_typesupport_c.dir/rosidl_typesupport_c/vesc_msgs/msg/vesc_imu_stamped__type_support.cpp.o[0m
[2.508s] [ 56%] [32mBuilding CXX object CMakeFiles/vesc_msgs__rosidl_typesupport_fastrtps_c.dir/rosidl_typesupport_fastrtps_c/vesc_msgs/msg/detail/vesc_imu__type_support_c.cpp.o[0m
[2.513s] [ 58%] [32mBuilding CXX object CMakeFiles/vesc_msgs__rosidl_typesupport_fastrtps_c.dir/rosidl_typesupport_fastrtps_c/vesc_msgs/msg/detail/vesc_state__type_support_c.cpp.o[0m
[2.513s] [ 60%] [32mBuilding CXX object CMakeFiles/vesc_msgs__rosidl_typesupport_fastrtps_c.dir/rosidl_typesupport_fastrtps_c/vesc_msgs/msg/detail/vesc_state_stamped__type_support_c.cpp.o[0m
[2.519s] [ 61%] [32mBuilding C object CMakeFiles/vesc_msgs__rosidl_typesupport_introspection_c.dir/rosidl_typesupport_introspection_c/vesc_msgs/msg/detail/vesc_state__type_support.c.o[0m
[2.526s] [ 63%] [32mBuilding CXX object CMakeFiles/vesc_msgs__rosidl_typesupport_fastrtps_c.dir/rosidl_typesupport_fastrtps_c/vesc_msgs/msg/detail/vesc_imu_stamped__type_support_c.cpp.o[0m
[2.526s] [ 63%] Built target vesc_msgs__rosidl_typesupport_cpp
[2.532s] [ 65%] [32mBuilding C object CMakeFiles/vesc_msgs__rosidl_typesupport_introspection_c.dir/rosidl_typesupport_introspection_c/vesc_msgs/msg/detail/vesc_state_stamped__type_support.c.o[0m
[2.534s] [ 67%] [32mBuilding C object CMakeFiles/vesc_msgs__rosidl_typesupport_introspection_c.dir/rosidl_typesupport_introspection_c/vesc_msgs/msg/detail/vesc_imu__type_support.c.o[0m
[2.544s] [ 69%] [32m[1mLinking CXX shared library libvesc_msgs__rosidl_typesupport_c.so[0m
[2.600s] [ 70%] [32mBuilding C object CMakeFiles/vesc_msgs__rosidl_typesupport_introspection_c.dir/rosidl_typesupport_introspection_c/vesc_msgs/msg/detail/vesc_imu_stamped__type_support.c.o[0m
[2.632s] [ 70%] Built target vesc_msgs__rosidl_typesupport_c
[2.658s] [ 72%] [32m[1mLinking C shared library libvesc_msgs__rosidl_typesupport_introspection_c.so[0m
[2.695s] [ 72%] Built target vesc_msgs__rosidl_typesupport_introspection_c
[2.711s] [ 74%] [32m[1mLinking CXX shared library libvesc_msgs__rosidl_typesupport_introspection_cpp.so[0m
[2.749s] [ 76%] [32m[1mLinking CXX shared library libvesc_msgs__rosidl_typesupport_fastrtps_cpp.so[0m
[2.770s] [ 76%] Built target vesc_msgs__rosidl_typesupport_introspection_cpp
[2.817s] [ 76%] Built target vesc_msgs__rosidl_typesupport_fastrtps_cpp
[2.870s] [ 78%] [32m[1mLinking CXX shared library libvesc_msgs__rosidl_typesupport_fastrtps_c.so[0m
[2.934s] [ 78%] Built target vesc_msgs__rosidl_typesupport_fastrtps_c
[2.954s] [ 78%] Built target vesc_msgs
[2.976s] [ 80%] [34m[1mGenerating Python code for ROS interfaces[0m
[3.536s] [ 80%] Built target vesc_msgs__py
[3.556s] [ 87%] [32mBuilding C object CMakeFiles/vesc_msgs__rosidl_generator_py.dir/rosidl_generator_py/vesc_msgs/msg/_vesc_imu_stamped_s.c.o[0m
[3.556s] [ 87%] [32mBuilding C object CMakeFiles/vesc_msgs__rosidl_generator_py.dir/rosidl_generator_py/vesc_msgs/msg/_vesc_state_stamped_s.c.o[0m
[3.556s] [ 87%] [32mBuilding C object CMakeFiles/vesc_msgs__rosidl_generator_py.dir/rosidl_generator_py/vesc_msgs/msg/_vesc_state_s.c.o[0m
[3.557s] [ 87%] [32mBuilding C object CMakeFiles/vesc_msgs__rosidl_generator_py.dir/rosidl_generator_py/vesc_msgs/msg/_vesc_imu_s.c.o[0m
[3.634s] [ 89%] [32m[1mLinking C shared library rosidl_generator_py/vesc_msgs/libvesc_msgs__rosidl_generator_py.so[0m
[3.671s] [ 89%] Built target vesc_msgs__rosidl_generator_py
[3.687s] [ 94%] [32mBuilding C object CMakeFiles/vesc_msgs__rosidl_typesupport_introspection_c__pyext.dir/rosidl_generator_py/vesc_msgs/_vesc_msgs_s.ep.rosidl_typesupport_introspection_c.c.o[0m
[3.688s] [ 94%] [32mBuilding C object CMakeFiles/vesc_msgs__rosidl_typesupport_fastrtps_c__pyext.dir/rosidl_generator_py/vesc_msgs/_vesc_msgs_s.ep.rosidl_typesupport_fastrtps_c.c.o[0m
[3.688s] [ 94%] [32mBuilding C object CMakeFiles/vesc_msgs__rosidl_typesupport_c__pyext.dir/rosidl_generator_py/vesc_msgs/_vesc_msgs_s.ep.rosidl_typesupport_c.c.o[0m
[3.764s] [100%] [32m[1mLinking C shared library rosidl_generator_py/vesc_msgs/vesc_msgs_s__rosidl_typesupport_introspection_c.cpython-310-x86_64-linux-gnu.so[0m
[3.764s] [100%] [32m[1mLinking C shared library rosidl_generator_py/vesc_msgs/vesc_msgs_s__rosidl_typesupport_fastrtps_c.cpython-310-x86_64-linux-gnu.so[0m
[3.764s] [100%] [32m[1mLinking C shared library rosidl_generator_py/vesc_msgs/vesc_msgs_s__rosidl_typesupport_c.cpython-310-x86_64-linux-gnu.so[0m
[3.796s] [100%] Built target vesc_msgs__rosidl_typesupport_fastrtps_c__pyext
[3.796s] [100%] Built target vesc_msgs__rosidl_typesupport_introspection_c__pyext
[3.796s] [100%] Built target vesc_msgs__rosidl_typesupport_c__pyext
[3.807s] Invoked command in '/home/xenover/Bosch/AMS_system/build/vesc_msgs' returned '0': CMAKE_PREFIX_PATH=/opt/ros/humble /usr/bin/cmake --build /home/xenover/Bosch/AMS_system/build/vesc_msgs -- -j16 -l16
[3.808s] Invoking command in '/home/xenover/Bosch/AMS_system/build/vesc_msgs': CMAKE_PREFIX_PATH=/opt/ros/humble /usr/bin/cmake --install /home/xenover/Bosch/AMS_system/build/vesc_msgs
[3.814s] -- Install configuration: ""
[3.815s] -- Installing: /home/xenover/Bosch/AMS_system/install/vesc_msgs/share/ament_index/resource_index/rosidl_interfaces/vesc_msgs
[3.815s] -- Installing: /home/xenover/Bosch/AMS_system/install/vesc_msgs/include/vesc_msgs/vesc_msgs
[3.815s] -- Installing: /home/xenover/Bosch/AMS_system/install/vesc_msgs/include/vesc_msgs/vesc_msgs/msg
[3.815s] -- Installing: /home/xenover/Bosch/AMS_system/install/vesc_msgs/include/vesc_msgs/vesc_msgs/msg/vesc_imu_stamped.h
[3.815s] -- Installing: /home/xenover/Bosch/AMS_system/install/vesc_msgs/include/vesc_msgs/vesc_msgs/msg/detail
[3.815s] -- Installing: /home/xenover/Bosch/AMS_system/install/vesc_msgs/include/vesc_msgs/vesc_msgs/msg/detail/vesc_state__functions.h
[3.815s] -- Installing: /home/xenover/Bosch/AMS_system/install/vesc_msgs/include/vesc_msgs/vesc_msgs/msg/detail/vesc_imu_stamped__struct.h
[3.815s] -- Installing: /home/xenover/Bosch/AMS_system/install/vesc_msgs/include/vesc_msgs/vesc_msgs/msg/detail/vesc_state_stamped__struct.h
[3.815s] -- Installing: /home/xenover/Bosch/AMS_system/install/vesc_msgs/include/vesc_msgs/vesc_msgs/msg/detail/vesc_imu__type_support.h
[3.815s] -- Installing: /home/xenover/Bosch/AMS_system/install/vesc_msgs/include/vesc_msgs/vesc_msgs/msg/detail/vesc_imu_stamped__type_support.h
[3.815s] -- Installing: /home/xenover/Bosch/AMS_system/install/vesc_msgs/include/vesc_msgs/vesc_msgs/msg/detail/vesc_imu__functions.c
[3.815s] -- Installing: /home/xenover/Bosch/AMS_system/install/vesc_msgs/include/vesc_msgs/vesc_msgs/msg/detail/vesc_state_stamped__functions.c
[3.816s] -- Installing: /home/xenover/Bosch/AMS_system/install/vesc_msgs/include/vesc_msgs/vesc_msgs/msg/detail/vesc_state_stamped__type_support.h
[3.816s] -- Installing: /home/xenover/Bosch/AMS_system/install/vesc_msgs/include/vesc_msgs/vesc_msgs/msg/detail/vesc_state__functions.c
[3.816s] -- Installing: /home/xenover/Bosch/AMS_system/install/vesc_msgs/include/vesc_msgs/vesc_msgs/msg/detail/vesc_state_stamped__functions.h
[3.816s] -- Installing: /home/xenover/Bosch/AMS_system/install/vesc_msgs/include/vesc_msgs/vesc_msgs/msg/detail/vesc_state__type_support.h
[3.816s] -- Installing: /home/xenover/Bosch/AMS_system/install/vesc_msgs/include/vesc_msgs/vesc_msgs/msg/detail/vesc_imu_stamped__functions.h
[3.816s] -- Installing: /home/xenover/Bosch/AMS_system/install/vesc_msgs/include/vesc_msgs/vesc_msgs/msg/detail/vesc_state__struct.h
[3.816s] -- Installing: /home/xenover/Bosch/AMS_system/install/vesc_msgs/include/vesc_msgs/vesc_msgs/msg/detail/vesc_imu_stamped__functions.c
[3.816s] -- Installing: /home/xenover/Bosch/AMS_system/install/vesc_msgs/include/vesc_msgs/vesc_msgs/msg/detail/vesc_imu__functions.h
[3.816s] -- Installing: /home/xenover/Bosch/AMS_system/install/vesc_msgs/include/vesc_msgs/vesc_msgs/msg/detail/vesc_imu__struct.h
[3.816s] -- Installing: /home/xenover/Bosch/AMS_system/install/vesc_msgs/include/vesc_msgs/vesc_msgs/msg/vesc_imu.h
[3.816s] -- Installing: /home/xenover/Bosch/AMS_system/install/vesc_msgs/include/vesc_msgs/vesc_msgs/msg/vesc_state_stamped.h
[3.816s] -- Installing: /home/xenover/Bosch/AMS_system/install/vesc_msgs/include/vesc_msgs/vesc_msgs/msg/vesc_state.h
[3.817s] -- Installing: /home/xenover/Bosch/AMS_system/install/vesc_msgs/include/vesc_msgs/vesc_msgs/msg/rosidl_generator_c__visibility_control.h
[3.817s] -- Installing: /home/xenover/Bosch/AMS_system/install/vesc_msgs/share/vesc_msgs/environment/library_path.sh
[3.817s] -- Installing: /home/xenover/Bosch/AMS_system/install/vesc_msgs/share/vesc_msgs/environment/library_path.dsv
[3.817s] -- Installing: /home/xenover/Bosch/AMS_system/install/vesc_msgs/lib/libvesc_msgs__rosidl_generator_c.so
[3.817s] -- Set runtime path of "/home/xenover/Bosch/AMS_system/install/vesc_msgs/lib/libvesc_msgs__rosidl_generator_c.so" to ""
[3.817s] -- Up-to-date: /home/xenover/Bosch/AMS_system/install/vesc_msgs/include/vesc_msgs/vesc_msgs
[3.817s] -- Up-to-date: /home/xenover/Bosch/AMS_system/install/vesc_msgs/include/vesc_msgs/vesc_msgs/msg
[3.817s] -- Up-to-date: /home/xenover/Bosch/AMS_system/install/vesc_msgs/include/vesc_msgs/vesc_msgs/msg/detail
[3.817s] -- Installing: /home/xenover/Bosch/AMS_system/install/vesc_msgs/include/vesc_msgs/vesc_msgs/msg/detail/vesc_imu_stamped__rosidl_typesupport_fastrtps_c.h
[3.817s] -- Installing: /home/xenover/Bosch/AMS_system/install/vesc_msgs/include/vesc_msgs/vesc_msgs/msg/detail/vesc_state_stamped__rosidl_typesupport_fastrtps_c.h
[3.818s] -- Installing: /home/xenover/Bosch/AMS_system/install/vesc_msgs/include/vesc_msgs/vesc_msgs/msg/detail/vesc_imu__rosidl_typesupport_fastrtps_c.h
[3.818s] -- Installing: /home/xenover/Bosch/AMS_system/install/vesc_msgs/include/vesc_msgs/vesc_msgs/msg/detail/vesc_state__rosidl_typesupport_fastrtps_c.h
[3.818s] -- Installing: /home/xenover/Bosch/AMS_system/install/vesc_msgs/include/vesc_msgs/vesc_msgs/msg/rosidl_typesupport_fastrtps_c__visibility_control.h
[3.818s] -- Installing: /home/xenover/Bosch/AMS_system/install/vesc_msgs/lib/libvesc_msgs__rosidl_typesupport_fastrtps_c.so
[3.818s] -- Set runtime path of "/home/xenover/Bosch/AMS_system/install/vesc_msgs/lib/libvesc_msgs__rosidl_typesupport_fastrtps_c.so" to ""
[3.818s] -- Up-to-date: /home/xenover/Bosch/AMS_system/install/vesc_msgs/include/vesc_msgs/vesc_msgs
[3.818s] -- Up-to-date: /home/xenover/Bosch/AMS_system/install/vesc_msgs/include/vesc_msgs/vesc_msgs/msg
[3.818s] -- Installing: /home/xenover/Bosch/AMS_system/install/vesc_msgs/include/vesc_msgs/vesc_msgs/msg/rosidl_typesupport_introspection_c__visibility_control.h
[3.818s] -- Up-to-date: /home/xenover/Bosch/AMS_system/install/vesc_msgs/include/vesc_msgs/vesc_msgs/msg/detail
[3.818s] -- Installing: /home/xenover/Bosch/AMS_system/install/vesc_msgs/include/vesc_msgs/vesc_msgs/msg/detail/vesc_state_stamped__type_support.c
[3.818s] -- Installing: /home/xenover/Bosch/AMS_system/install/vesc_msgs/include/vesc_msgs/vesc_msgs/msg/detail/vesc_state__type_support.c
[3.818s] -- Installing: /home/xenover/Bosch/AMS_system/install/vesc_msgs/include/vesc_msgs/vesc_msgs/msg/detail/vesc_state__rosidl_typesupport_introspection_c.h
[3.819s] -- Installing: /home/xenover/Bosch/AMS_system/install/vesc_msgs/include/vesc_msgs/vesc_msgs/msg/detail/vesc_imu__rosidl_typesupport_introspection_c.h
[3.819s] -- Installing: /home/xenover/Bosch/AMS_system/install/vesc_msgs/include/vesc_msgs/vesc_msgs/msg/detail/vesc_imu__type_support.c
[3.819s] -- Installing: /home/xenover/Bosch/AMS_system/install/vesc_msgs/include/vesc_msgs/vesc_msgs/msg/detail/vesc_imu_stamped__rosidl_typesupport_introspection_c.h
[3.819s] -- Installing: /home/xenover/Bosch/AMS_system/install/vesc_msgs/include/vesc_msgs/vesc_msgs/msg/detail/vesc_state_stamped__rosidl_typesupport_introspection_c.h
[3.819s] -- Installing: /home/xenover/Bosch/AMS_system/install/vesc_msgs/include/vesc_msgs/vesc_msgs/msg/detail/vesc_imu_stamped__type_support.c
[3.819s] -- Installing: /home/xenover/Bosch/AMS_system/install/vesc_msgs/lib/libvesc_msgs__rosidl_typesupport_introspection_c.so
[3.819s] -- Set runtime path of "/home/xenover/Bosch/AMS_system/install/vesc_msgs/lib/libvesc_msgs__rosidl_typesupport_introspection_c.so" to ""
[3.819s] -- Installing: /home/xenover/Bosch/AMS_system/install/vesc_msgs/lib/libvesc_msgs__rosidl_typesupport_c.so
[3.820s] -- Set runtime path of "/home/xenover/Bosch/AMS_system/install/vesc_msgs/lib/libvesc_msgs__rosidl_typesupport_c.so" to ""
[3.820s] -- Up-to-date: /home/xenover/Bosch/AMS_system/install/vesc_msgs/include/vesc_msgs/vesc_msgs
[3.820s] -- Up-to-date: /home/xenover/Bosch/AMS_system/install/vesc_msgs/include/vesc_msgs/vesc_msgs/msg
[3.820s] -- Installing: /home/xenover/Bosch/AMS_system/install/vesc_msgs/include/vesc_msgs/vesc_msgs/msg/vesc_state.hpp
[3.820s] -- Installing: /home/xenover/Bosch/AMS_system/install/vesc_msgs/include/vesc_msgs/vesc_msgs/msg/vesc_imu_stamped.hpp
[3.820s] -- Installing: /home/xenover/Bosch/AMS_system/install/vesc_msgs/include/vesc_msgs/vesc_msgs/msg/rosidl_generator_cpp__visibility_control.hpp
[3.820s] -- Installing: /home/xenover/Bosch/AMS_system/install/vesc_msgs/include/vesc_msgs/vesc_msgs/msg/vesc_imu.hpp
[3.820s] -- Installing: /home/xenover/Bosch/AMS_system/install/vesc_msgs/include/vesc_msgs/vesc_msgs/msg/vesc_state_stamped.hpp
[3.820s] -- Up-to-date: /home/xenover/Bosch/AMS_system/install/vesc_msgs/include/vesc_msgs/vesc_msgs/msg/detail
[3.820s] -- Installing: /home/xenover/Bosch/AMS_system/install/vesc_msgs/include/vesc_msgs/vesc_msgs/msg/detail/vesc_imu__traits.hpp
[3.820s] -- Installing: /home/xenover/Bosch/AMS_system/install/vesc_msgs/include/vesc_msgs/vesc_msgs/msg/detail/vesc_imu_stamped__type_support.hpp
[3.820s] -- Installing: /home/xenover/Bosch/AMS_system/install/vesc_msgs/include/vesc_msgs/vesc_msgs/msg/detail/vesc_state_stamped__builder.hpp
[3.820s] -- Installing: /home/xenover/Bosch/AMS_system/install/vesc_msgs/include/vesc_msgs/vesc_msgs/msg/detail/vesc_imu_stamped__builder.hpp
[3.821s] -- Installing: /home/xenover/Bosch/AMS_system/install/vesc_msgs/include/vesc_msgs/vesc_msgs/msg/detail/vesc_state_stamped__traits.hpp
[3.821s] -- Installing: /home/xenover/Bosch/AMS_system/install/vesc_msgs/include/vesc_msgs/vesc_msgs/msg/detail/vesc_state__builder.hpp
[3.821s] -- Installing: /home/xenover/Bosch/AMS_system/install/vesc_msgs/include/vesc_msgs/vesc_msgs/msg/detail/vesc_imu__struct.hpp
[3.821s] -- Installing: /home/xenover/Bosch/AMS_system/install/vesc_msgs/include/vesc_msgs/vesc_msgs/msg/detail/vesc_imu_stamped__traits.hpp
[3.821s] -- Installing: /home/xenover/Bosch/AMS_system/install/vesc_msgs/include/vesc_msgs/vesc_msgs/msg/detail/vesc_state_stamped__struct.hpp
[3.821s] -- Installing: /home/xenover/Bosch/AMS_system/install/vesc_msgs/include/vesc_msgs/vesc_msgs/msg/detail/vesc_state__struct.hpp
[3.821s] -- Installing: /home/xenover/Bosch/AMS_system/install/vesc_msgs/include/vesc_msgs/vesc_msgs/msg/detail/vesc_state__type_support.hpp
[3.821s] -- Installing: /home/xenover/Bosch/AMS_system/install/vesc_msgs/include/vesc_msgs/vesc_msgs/msg/detail/vesc_state__traits.hpp
[3.821s] -- Installing: /home/xenover/Bosch/AMS_system/install/vesc_msgs/include/vesc_msgs/vesc_msgs/msg/detail/vesc_imu__builder.hpp
[3.821s] -- Installing: /home/xenover/Bosch/AMS_system/install/vesc_msgs/include/vesc_msgs/vesc_msgs/msg/detail/vesc_imu__type_support.hpp
[3.821s] -- Installing: /home/xenover/Bosch/AMS_system/install/vesc_msgs/include/vesc_msgs/vesc_msgs/msg/detail/vesc_imu_stamped__struct.hpp
[3.822s] -- Installing: /home/xenover/Bosch/AMS_system/install/vesc_msgs/include/vesc_msgs/vesc_msgs/msg/detail/vesc_state_stamped__type_support.hpp
[3.822s] -- Up-to-date: /home/xenover/Bosch/AMS_system/install/vesc_msgs/include/vesc_msgs/vesc_msgs
[3.822s] -- Up-to-date: /home/xenover/Bosch/AMS_system/install/vesc_msgs/include/vesc_msgs/vesc_msgs/msg
[3.822s] -- Up-to-date: /home/xenover/Bosch/AMS_system/install/vesc_msgs/include/vesc_msgs/vesc_msgs/msg/detail
[3.822s] -- Installing: /home/xenover/Bosch/AMS_system/install/vesc_msgs/include/vesc_msgs/vesc_msgs/msg/detail/vesc_state__rosidl_typesupport_fastrtps_cpp.hpp
[3.822s] -- Installing: /home/xenover/Bosch/AMS_system/install/vesc_msgs/include/vesc_msgs/vesc_msgs/msg/detail/dds_fastrtps
[3.822s] -- Installing: /home/xenover/Bosch/AMS_system/install/vesc_msgs/include/vesc_msgs/vesc_msgs/msg/detail/vesc_imu__rosidl_typesupport_fastrtps_cpp.hpp
[3.822s] -- Installing: /home/xenover/Bosch/AMS_system/install/vesc_msgs/include/vesc_msgs/vesc_msgs/msg/detail/vesc_state_stamped__rosidl_typesupport_fastrtps_cpp.hpp
[3.822s] -- Installing: /home/xenover/Bosch/AMS_system/install/vesc_msgs/include/vesc_msgs/vesc_msgs/msg/detail/vesc_imu_stamped__rosidl_typesupport_fastrtps_cpp.hpp
[3.822s] -- Installing: /home/xenover/Bosch/AMS_system/install/vesc_msgs/include/vesc_msgs/vesc_msgs/msg/rosidl_typesupport_fastrtps_cpp__visibility_control.h
[3.822s] -- Installing: /home/xenover/Bosch/AMS_system/install/vesc_msgs/lib/libvesc_msgs__rosidl_typesupport_fastrtps_cpp.so
[3.823s] -- Set runtime path of "/home/xenover/Bosch/AMS_system/install/vesc_msgs/lib/libvesc_msgs__rosidl_typesupport_fastrtps_cpp.so" to ""
[3.823s] -- Up-to-date: /home/xenover/Bosch/AMS_system/install/vesc_msgs/include/vesc_msgs/vesc_msgs
[3.823s] -- Up-to-date: /home/xenover/Bosch/AMS_system/install/vesc_msgs/include/vesc_msgs/vesc_msgs/msg
[3.823s] -- Up-to-date: /home/xenover/Bosch/AMS_system/install/vesc_msgs/include/vesc_msgs/vesc_msgs/msg/detail
[3.823s] -- Installing: /home/xenover/Bosch/AMS_system/install/vesc_msgs/include/vesc_msgs/vesc_msgs/msg/detail/vesc_state__type_support.cpp
[3.823s] -- Installing: /home/xenover/Bosch/AMS_system/install/vesc_msgs/include/vesc_msgs/vesc_msgs/msg/detail/vesc_imu_stamped__rosidl_typesupport_introspection_cpp.hpp
[3.823s] -- Installing: /home/xenover/Bosch/AMS_system/install/vesc_msgs/include/vesc_msgs/vesc_msgs/msg/detail/vesc_imu__type_support.cpp
[3.823s] -- Installing: /home/xenover/Bosch/AMS_system/install/vesc_msgs/include/vesc_msgs/vesc_msgs/msg/detail/vesc_imu__rosidl_typesupport_introspection_cpp.hpp
[3.823s] -- Installing: /home/xenover/Bosch/AMS_system/install/vesc_msgs/include/vesc_msgs/vesc_msgs/msg/detail/vesc_state_stamped__type_support.cpp
[3.823s] -- Installing: /home/xenover/Bosch/AMS_system/install/vesc_msgs/include/vesc_msgs/vesc_msgs/msg/detail/vesc_state__rosidl_typesupport_introspection_cpp.hpp
[3.823s] -- Installing: /home/xenover/Bosch/AMS_system/install/vesc_msgs/include/vesc_msgs/vesc_msgs/msg/detail/vesc_imu_stamped__type_support.cpp
[3.823s] -- Installing: /home/xenover/Bosch/AMS_system/install/vesc_msgs/include/vesc_msgs/vesc_msgs/msg/detail/vesc_state_stamped__rosidl_typesupport_introspection_cpp.hpp
[3.823s] -- Installing: /home/xenover/Bosch/AMS_system/install/vesc_msgs/lib/libvesc_msgs__rosidl_typesupport_introspection_cpp.so
[3.824s] -- Set runtime path of "/home/xenover/Bosch/AMS_system/install/vesc_msgs/lib/libvesc_msgs__rosidl_typesupport_introspection_cpp.so" to ""
[3.824s] -- Installing: /home/xenover/Bosch/AMS_system/install/vesc_msgs/lib/libvesc_msgs__rosidl_typesupport_cpp.so
[3.824s] -- Set runtime path of "/home/xenover/Bosch/AMS_system/install/vesc_msgs/lib/libvesc_msgs__rosidl_typesupport_cpp.so" to ""
[3.824s] -- Installing: /home/xenover/Bosch/AMS_system/install/vesc_msgs/share/vesc_msgs/environment/pythonpath.sh
[3.824s] -- Installing: /home/xenover/Bosch/AMS_system/install/vesc_msgs/share/vesc_msgs/environment/pythonpath.dsv
[3.824s] -- Installing: /home/xenover/Bosch/AMS_system/install/vesc_msgs/local/lib/python3.10/dist-packages/vesc_msgs-1.1.0-py3.10.egg-info
[3.824s] -- Installing: /home/xenover/Bosch/AMS_system/install/vesc_msgs/local/lib/python3.10/dist-packages/vesc_msgs-1.1.0-py3.10.egg-info/PKG-INFO
[3.825s] -- Installing: /home/xenover/Bosch/AMS_system/install/vesc_msgs/local/lib/python3.10/dist-packages/vesc_msgs-1.1.0-py3.10.egg-info/dependency_links.txt
[3.825s] -- Installing: /home/xenover/Bosch/AMS_system/install/vesc_msgs/local/lib/python3.10/dist-packages/vesc_msgs-1.1.0-py3.10.egg-info/top_level.txt
[3.825s] -- Installing: /home/xenover/Bosch/AMS_system/install/vesc_msgs/local/lib/python3.10/dist-packages/vesc_msgs-1.1.0-py3.10.egg-info/SOURCES.txt
[3.825s] -- Installing: /home/xenover/Bosch/AMS_system/install/vesc_msgs/local/lib/python3.10/dist-packages/vesc_msgs
[3.825s] -- Installing: /home/xenover/Bosch/AMS_system/install/vesc_msgs/local/lib/python3.10/dist-packages/vesc_msgs/vesc_msgs_s__rosidl_typesupport_introspection_c.cpython-310-x86_64-linux-gnu.so
[3.825s] -- Installing: /home/xenover/Bosch/AMS_system/install/vesc_msgs/local/lib/python3.10/dist-packages/vesc_msgs/vesc_msgs_s__rosidl_typesupport_fastrtps_c.cpython-310-x86_64-linux-gnu.so
[3.825s] -- Installing: /home/xenover/Bosch/AMS_system/install/vesc_msgs/local/lib/python3.10/dist-packages/vesc_msgs/libvesc_msgs__rosidl_generator_py.so
[3.825s] -- Installing: /home/xenover/Bosch/AMS_system/install/vesc_msgs/local/lib/python3.10/dist-packages/vesc_msgs/__init__.py
[3.825s] -- Installing: /home/xenover/Bosch/AMS_system/install/vesc_msgs/local/lib/python3.10/dist-packages/vesc_msgs/msg
[3.825s] -- Installing: /home/xenover/Bosch/AMS_system/install/vesc_msgs/local/lib/python3.10/dist-packages/vesc_msgs/msg/_vesc_state_stamped_s.c
[3.826s] -- Installing: /home/xenover/Bosch/AMS_system/install/vesc_msgs/local/lib/python3.10/dist-packages/vesc_msgs/msg/_vesc_state_s.c
[3.826s] -- Installing: /home/xenover/Bosch/AMS_system/install/vesc_msgs/local/lib/python3.10/dist-packages/vesc_msgs/msg/__init__.py
[3.826s] -- Installing: /home/xenover/Bosch/AMS_system/install/vesc_msgs/local/lib/python3.10/dist-packages/vesc_msgs/msg/_vesc_state_stamped.py
[3.826s] -- Installing: /home/xenover/Bosch/AMS_system/install/vesc_msgs/local/lib/python3.10/dist-packages/vesc_msgs/msg/_vesc_imu_stamped.py
[3.826s] -- Installing: /home/xenover/Bosch/AMS_system/install/vesc_msgs/local/lib/python3.10/dist-packages/vesc_msgs/msg/_vesc_imu_stamped_s.c
[3.826s] -- Installing: /home/xenover/Bosch/AMS_system/install/vesc_msgs/local/lib/python3.10/dist-packages/vesc_msgs/msg/_vesc_imu_s.c
[3.826s] -- Installing: /home/xenover/Bosch/AMS_system/install/vesc_msgs/local/lib/python3.10/dist-packages/vesc_msgs/msg/_vesc_state.py
[3.826s] -- Installing: /home/xenover/Bosch/AMS_system/install/vesc_msgs/local/lib/python3.10/dist-packages/vesc_msgs/msg/_vesc_imu.py
[3.826s] -- Installing: /home/xenover/Bosch/AMS_system/install/vesc_msgs/local/lib/python3.10/dist-packages/vesc_msgs/_vesc_msgs_s.ep.rosidl_typesupport_fastrtps_c.c
[3.826s] -- Installing: /home/xenover/Bosch/AMS_system/install/vesc_msgs/local/lib/python3.10/dist-packages/vesc_msgs/_vesc_msgs_s.ep.rosidl_typesupport_c.c
[3.826s] -- Installing: /home/xenover/Bosch/AMS_system/install/vesc_msgs/local/lib/python3.10/dist-packages/vesc_msgs/_vesc_msgs_s.ep.rosidl_typesupport_introspection_c.c
[3.827s] -- Installing: /home/xenover/Bosch/AMS_system/install/vesc_msgs/local/lib/python3.10/dist-packages/vesc_msgs/vesc_msgs_s__rosidl_typesupport_c.cpython-310-x86_64-linux-gnu.so
[3.854s] Listing '/home/xenover/Bosch/AMS_system/install/vesc_msgs/local/lib/python3.10/dist-packages/vesc_msgs'...
[3.854s] Compiling '/home/xenover/Bosch/AMS_system/install/vesc_msgs/local/lib/python3.10/dist-packages/vesc_msgs/__init__.py'...
[3.854s] Listing '/home/xenover/Bosch/AMS_system/install/vesc_msgs/local/lib/python3.10/dist-packages/vesc_msgs/msg'...
[3.854s] Compiling '/home/xenover/Bosch/AMS_system/install/vesc_msgs/local/lib/python3.10/dist-packages/vesc_msgs/msg/__init__.py'...
[3.854s] Compiling '/home/xenover/Bosch/AMS_system/install/vesc_msgs/local/lib/python3.10/dist-packages/vesc_msgs/msg/_vesc_imu.py'...
[3.854s] Compiling '/home/xenover/Bosch/AMS_system/install/vesc_msgs/local/lib/python3.10/dist-packages/vesc_msgs/msg/_vesc_imu_stamped.py'...
[3.855s] Compiling '/home/xenover/Bosch/AMS_system/install/vesc_msgs/local/lib/python3.10/dist-packages/vesc_msgs/msg/_vesc_state.py'...
[3.855s] Compiling '/home/xenover/Bosch/AMS_system/install/vesc_msgs/local/lib/python3.10/dist-packages/vesc_msgs/msg/_vesc_state_stamped.py'...
[3.858s] -- Installing: /home/xenover/Bosch/AMS_system/install/vesc_msgs/local/lib/python3.10/dist-packages/vesc_msgs/vesc_msgs_s__rosidl_typesupport_fastrtps_c.cpython-310-x86_64-linux-gnu.so
[3.858s] -- Set runtime path of "/home/xenover/Bosch/AMS_system/install/vesc_msgs/local/lib/python3.10/dist-packages/vesc_msgs/vesc_msgs_s__rosidl_typesupport_fastrtps_c.cpython-310-x86_64-linux-gnu.so" to ""
[3.858s] -- Installing: /home/xenover/Bosch/AMS_system/install/vesc_msgs/local/lib/python3.10/dist-packages/vesc_msgs/vesc_msgs_s__rosidl_typesupport_introspection_c.cpython-310-x86_64-linux-gnu.so
[3.859s] -- Set runtime path of "/home/xenover/Bosch/AMS_system/install/vesc_msgs/local/lib/python3.10/dist-packages/vesc_msgs/vesc_msgs_s__rosidl_typesupport_introspection_c.cpython-310-x86_64-linux-gnu.so" to ""
[3.859s] -- Installing: /home/xenover/Bosch/AMS_system/install/vesc_msgs/local/lib/python3.10/dist-packages/vesc_msgs/vesc_msgs_s__rosidl_typesupport_c.cpython-310-x86_64-linux-gnu.so
[3.859s] -- Set runtime path of "/home/xenover/Bosch/AMS_system/install/vesc_msgs/local/lib/python3.10/dist-packages/vesc_msgs/vesc_msgs_s__rosidl_typesupport_c.cpython-310-x86_64-linux-gnu.so" to ""
[3.859s] -- Installing: /home/xenover/Bosch/AMS_system/install/vesc_msgs/lib/libvesc_msgs__rosidl_generator_py.so
[3.859s] -- Set runtime path of "/home/xenover/Bosch/AMS_system/install/vesc_msgs/lib/libvesc_msgs__rosidl_generator_py.so" to ""
[3.859s] -- Installing: /home/xenover/Bosch/AMS_system/install/vesc_msgs/share/vesc_msgs/msg/VescState.idl
[3.860s] -- Installing: /home/xenover/Bosch/AMS_system/install/vesc_msgs/share/vesc_msgs/msg/VescStateStamped.idl
[3.860s] -- Installing: /home/xenover/Bosch/AMS_system/install/vesc_msgs/share/vesc_msgs/msg/VescImu.idl
[3.860s] -- Installing: /home/xenover/Bosch/AMS_system/install/vesc_msgs/share/vesc_msgs/msg/VescImuStamped.idl
[3.860s] -- Installing: /home/xenover/Bosch/AMS_system/install/vesc_msgs/share/vesc_msgs/msg/VescState.msg
[3.860s] -- Installing: /home/xenover/Bosch/AMS_system/install/vesc_msgs/share/vesc_msgs/msg/VescStateStamped.msg
[3.860s] -- Installing: /home/xenover/Bosch/AMS_system/install/vesc_msgs/share/vesc_msgs/msg/VescImu.msg
[3.860s] -- Installing: /home/xenover/Bosch/AMS_system/install/vesc_msgs/share/vesc_msgs/msg/VescImuStamped.msg
[3.860s] -- Installing: /home/xenover/Bosch/AMS_system/install/vesc_msgs/share/ament_index/resource_index/package_run_dependencies/vesc_msgs
[3.860s] -- Installing: /home/xenover/Bosch/AMS_system/install/vesc_msgs/share/ament_index/resource_index/parent_prefix_path/vesc_msgs
[3.861s] -- Installing: /home/xenover/Bosch/AMS_system/install/vesc_msgs/share/vesc_msgs/environment/ament_prefix_path.sh
[3.861s] -- Installing: /home/xenover/Bosch/AMS_system/install/vesc_msgs/share/vesc_msgs/environment/ament_prefix_path.dsv
[3.861s] -- Installing: /home/xenover/Bosch/AMS_system/install/vesc_msgs/share/vesc_msgs/environment/path.sh
[3.861s] -- Installing: /home/xenover/Bosch/AMS_system/install/vesc_msgs/share/vesc_msgs/environment/path.dsv
[3.861s] -- Installing: /home/xenover/Bosch/AMS_system/install/vesc_msgs/share/vesc_msgs/local_setup.bash
[3.861s] -- Installing: /home/xenover/Bosch/AMS_system/install/vesc_msgs/share/vesc_msgs/local_setup.sh
[3.861s] -- Installing: /home/xenover/Bosch/AMS_system/install/vesc_msgs/share/vesc_msgs/local_setup.zsh
[3.861s] -- Installing: /home/xenover/Bosch/AMS_system/install/vesc_msgs/share/vesc_msgs/local_setup.dsv
[3.861s] -- Installing: /home/xenover/Bosch/AMS_system/install/vesc_msgs/share/vesc_msgs/package.dsv
[3.861s] -- Installing: /home/xenover/Bosch/AMS_system/install/vesc_msgs/share/ament_index/resource_index/packages/vesc_msgs
[3.862s] -- Installing: /home/xenover/Bosch/AMS_system/install/vesc_msgs/share/vesc_msgs/cmake/export_vesc_msgs__rosidl_generator_cExport.cmake
[3.862s] -- Installing: /home/xenover/Bosch/AMS_system/install/vesc_msgs/share/vesc_msgs/cmake/export_vesc_msgs__rosidl_generator_cExport-noconfig.cmake
[3.862s] -- Installing: /home/xenover/Bosch/AMS_system/install/vesc_msgs/share/vesc_msgs/cmake/export_vesc_msgs__rosidl_typesupport_fastrtps_cExport.cmake
[3.862s] -- Installing: /home/xenover/Bosch/AMS_system/install/vesc_msgs/share/vesc_msgs/cmake/export_vesc_msgs__rosidl_typesupport_fastrtps_cExport-noconfig.cmake
[3.862s] -- Installing: /home/xenover/Bosch/AMS_system/install/vesc_msgs/share/vesc_msgs/cmake/vesc_msgs__rosidl_typesupport_introspection_cExport.cmake
[3.862s] -- Installing: /home/xenover/Bosch/AMS_system/install/vesc_msgs/share/vesc_msgs/cmake/vesc_msgs__rosidl_typesupport_introspection_cExport-noconfig.cmake
[3.862s] -- Installing: /home/xenover/Bosch/AMS_system/install/vesc_msgs/share/vesc_msgs/cmake/vesc_msgs__rosidl_typesupport_cExport.cmake
[3.862s] -- Installing: /home/xenover/Bosch/AMS_system/install/vesc_msgs/share/vesc_msgs/cmake/vesc_msgs__rosidl_typesupport_cExport-noconfig.cmake
[3.863s] -- Installing: /home/xenover/Bosch/AMS_system/install/vesc_msgs/share/vesc_msgs/cmake/export_vesc_msgs__rosidl_generator_cppExport.cmake
[3.863s] -- Installing: /home/xenover/Bosch/AMS_system/install/vesc_msgs/share/vesc_msgs/cmake/export_vesc_msgs__rosidl_typesupport_fastrtps_cppExport.cmake
[3.863s] -- Installing: /home/xenover/Bosch/AMS_system/install/vesc_msgs/share/vesc_msgs/cmake/export_vesc_msgs__rosidl_typesupport_fastrtps_cppExport-noconfig.cmake
[3.863s] -- Installing: /home/xenover/Bosch/AMS_system/install/vesc_msgs/share/vesc_msgs/cmake/vesc_msgs__rosidl_typesupport_introspection_cppExport.cmake
[3.864s] -- Installing: /home/xenover/Bosch/AMS_system/install/vesc_msgs/share/vesc_msgs/cmake/vesc_msgs__rosidl_typesupport_introspection_cppExport-noconfig.cmake
[3.864s] -- Installing: /home/xenover/Bosch/AMS_system/install/vesc_msgs/share/vesc_msgs/cmake/vesc_msgs__rosidl_typesupport_cppExport.cmake
[3.864s] -- Installing: /home/xenover/Bosch/AMS_system/install/vesc_msgs/share/vesc_msgs/cmake/vesc_msgs__rosidl_typesupport_cppExport-noconfig.cmake
[3.864s] -- Installing: /home/xenover/Bosch/AMS_system/install/vesc_msgs/share/vesc_msgs/cmake/export_vesc_msgs__rosidl_generator_pyExport.cmake
[3.864s] -- Installing: /home/xenover/Bosch/AMS_system/install/vesc_msgs/share/vesc_msgs/cmake/export_vesc_msgs__rosidl_generator_pyExport-noconfig.cmake
[3.864s] -- Installing: /home/xenover/Bosch/AMS_system/install/vesc_msgs/share/vesc_msgs/cmake/rosidl_cmake-extras.cmake
[3.864s] -- Installing: /home/xenover/Bosch/AMS_system/install/vesc_msgs/share/vesc_msgs/cmake/ament_cmake_export_dependencies-extras.cmake
[3.865s] -- Installing: /home/xenover/Bosch/AMS_system/install/vesc_msgs/share/vesc_msgs/cmake/ament_cmake_export_include_directories-extras.cmake
[3.865s] -- Installing: /home/xenover/Bosch/AMS_system/install/vesc_msgs/share/vesc_msgs/cmake/ament_cmake_export_libraries-extras.cmake
[3.865s] -- Installing: /home/xenover/Bosch/AMS_system/install/vesc_msgs/share/vesc_msgs/cmake/ament_cmake_export_targets-extras.cmake
[3.865s] -- Installing: /home/xenover/Bosch/AMS_system/install/vesc_msgs/share/vesc_msgs/cmake/rosidl_cmake_export_typesupport_targets-extras.cmake
[3.865s] -- Installing: /home/xenover/Bosch/AMS_system/install/vesc_msgs/share/vesc_msgs/cmake/rosidl_cmake_export_typesupport_libraries-extras.cmake
[3.865s] -- Installing: /home/xenover/Bosch/AMS_system/install/vesc_msgs/share/vesc_msgs/cmake/vesc_msgsConfig.cmake
[3.865s] -- Installing: /home/xenover/Bosch/AMS_system/install/vesc_msgs/share/vesc_msgs/cmake/vesc_msgsConfig-version.cmake
[3.865s] -- Installing: /home/xenover/Bosch/AMS_system/install/vesc_msgs/share/vesc_msgs/package.xml
[3.868s] Invoked command in '/home/xenover/Bosch/AMS_system/build/vesc_msgs' returned '0': CMAKE_PREFIX_PATH=/opt/ros/humble /usr/bin/cmake --install /home/xenover/Bosch/AMS_system/build/vesc_msgs
