[0.007s] Invoking command in '/home/xenover/Bosch/AMS_system/build/teleop_tools': AMENT_PREFIX_PATH=/home/xenover/Bosch/AMS_system/install/joy_teleop:/home/xenover/Bosch/AMS_system/install/teleop_tools_msgs:/home/xenover/Bosch/AMS_system/install/key_teleop:${AMENT_PREFIX_PATH} CMAKE_PREFIX_PATH=/home/xenover/Bosch/AMS_system/install/teleop_tools_msgs:/opt/ros/humble LD_LIBRARY_PATH=/home/xenover/Bosch/AMS_system/install/teleop_tools_msgs/lib:${LD_LIBRARY_PATH} PYTHONPATH=/home/xenover/Bosch/AMS_system/install/joy_teleop/lib/python3.10/site-packages:/home/xenover/Bosch/AMS_system/install/teleop_tools_msgs/local/lib/python3.10/dist-packages:/home/xenover/Bosch/AMS_system/install/key_teleop/lib/python3.10/site-packages:${PYTHONPATH} /usr/bin/cmake /home/xenover/Bosch/AMS_system/teleop_tools/teleop_tools -DCMAKE_INSTALL_PREFIX=/home/xenover/Bosch/AMS_system/install/teleop_tools
[0.020s] -- Found ament_cmake: 1.3.13 (/opt/ros/humble/share/ament_cmake/cmake)
[0.140s] -- Found Python3: /usr/bin/python3 (found version "3.10.12") found components: Interpreter 
[0.244s] -- Configuring done
[0.246s] -- Generating done
[0.247s] -- Build files have been written to: /home/xenover/Bosch/AMS_system/build/teleop_tools
[0.249s] Invoked command in '/home/xenover/Bosch/AMS_system/build/teleop_tools' returned '0': AMENT_PREFIX_PATH=/home/xenover/Bosch/AMS_system/install/joy_teleop:/home/xenover/Bosch/AMS_system/install/teleop_tools_msgs:/home/xenover/Bosch/AMS_system/install/key_teleop:${AMENT_PREFIX_PATH} CMAKE_PREFIX_PATH=/home/xenover/Bosch/AMS_system/install/teleop_tools_msgs:/opt/ros/humble LD_LIBRARY_PATH=/home/xenover/Bosch/AMS_system/install/teleop_tools_msgs/lib:${LD_LIBRARY_PATH} PYTHONPATH=/home/xenover/Bosch/AMS_system/install/joy_teleop/lib/python3.10/site-packages:/home/xenover/Bosch/AMS_system/install/teleop_tools_msgs/local/lib/python3.10/dist-packages:/home/xenover/Bosch/AMS_system/install/key_teleop/lib/python3.10/site-packages:${PYTHONPATH} /usr/bin/cmake /home/xenover/Bosch/AMS_system/teleop_tools/teleop_tools -DCMAKE_INSTALL_PREFIX=/home/xenover/Bosch/AMS_system/install/teleop_tools
[0.250s] Invoking command in '/home/xenover/Bosch/AMS_system/build/teleop_tools': AMENT_PREFIX_PATH=/home/xenover/Bosch/AMS_system/install/joy_teleop:/home/xenover/Bosch/AMS_system/install/teleop_tools_msgs:/home/xenover/Bosch/AMS_system/install/key_teleop:${AMENT_PREFIX_PATH} CMAKE_PREFIX_PATH=/home/xenover/Bosch/AMS_system/install/teleop_tools_msgs:/opt/ros/humble LD_LIBRARY_PATH=/home/xenover/Bosch/AMS_system/install/teleop_tools_msgs/lib:${LD_LIBRARY_PATH} PYTHONPATH=/home/xenover/Bosch/AMS_system/install/joy_teleop/lib/python3.10/site-packages:/home/xenover/Bosch/AMS_system/install/teleop_tools_msgs/local/lib/python3.10/dist-packages:/home/xenover/Bosch/AMS_system/install/key_teleop/lib/python3.10/site-packages:${PYTHONPATH} /usr/bin/cmake --build /home/xenover/Bosch/AMS_system/build/teleop_tools -- -j16 -l16
[0.285s] Invoked command in '/home/xenover/Bosch/AMS_system/build/teleop_tools' returned '0': AMENT_PREFIX_PATH=/home/xenover/Bosch/AMS_system/install/joy_teleop:/home/xenover/Bosch/AMS_system/install/teleop_tools_msgs:/home/xenover/Bosch/AMS_system/install/key_teleop:${AMENT_PREFIX_PATH} CMAKE_PREFIX_PATH=/home/xenover/Bosch/AMS_system/install/teleop_tools_msgs:/opt/ros/humble LD_LIBRARY_PATH=/home/xenover/Bosch/AMS_system/install/teleop_tools_msgs/lib:${LD_LIBRARY_PATH} PYTHONPATH=/home/xenover/Bosch/AMS_system/install/joy_teleop/lib/python3.10/site-packages:/home/xenover/Bosch/AMS_system/install/teleop_tools_msgs/local/lib/python3.10/dist-packages:/home/xenover/Bosch/AMS_system/install/key_teleop/lib/python3.10/site-packages:${PYTHONPATH} /usr/bin/cmake --build /home/xenover/Bosch/AMS_system/build/teleop_tools -- -j16 -l16
[0.286s] Invoking command in '/home/xenover/Bosch/AMS_system/build/teleop_tools': AMENT_PREFIX_PATH=/home/xenover/Bosch/AMS_system/install/joy_teleop:/home/xenover/Bosch/AMS_system/install/teleop_tools_msgs:/home/xenover/Bosch/AMS_system/install/key_teleop:${AMENT_PREFIX_PATH} CMAKE_PREFIX_PATH=/home/xenover/Bosch/AMS_system/install/teleop_tools_msgs:/opt/ros/humble LD_LIBRARY_PATH=/home/xenover/Bosch/AMS_system/install/teleop_tools_msgs/lib:${LD_LIBRARY_PATH} PYTHONPATH=/home/xenover/Bosch/AMS_system/install/joy_teleop/lib/python3.10/site-packages:/home/xenover/Bosch/AMS_system/install/teleop_tools_msgs/local/lib/python3.10/dist-packages:/home/xenover/Bosch/AMS_system/install/key_teleop/lib/python3.10/site-packages:${PYTHONPATH} /usr/bin/cmake --install /home/xenover/Bosch/AMS_system/build/teleop_tools
[0.292s] -- Install configuration: ""
[0.292s] -- Installing: /home/xenover/Bosch/AMS_system/install/teleop_tools/share/ament_index/resource_index/package_run_dependencies/teleop_tools
[0.293s] -- Installing: /home/xenover/Bosch/AMS_system/install/teleop_tools/share/ament_index/resource_index/parent_prefix_path/teleop_tools
[0.293s] -- Installing: /home/xenover/Bosch/AMS_system/install/teleop_tools/share/teleop_tools/environment/ament_prefix_path.sh
[0.293s] -- Installing: /home/xenover/Bosch/AMS_system/install/teleop_tools/share/teleop_tools/environment/ament_prefix_path.dsv
[0.293s] -- Installing: /home/xenover/Bosch/AMS_system/install/teleop_tools/share/teleop_tools/environment/path.sh
[0.293s] -- Installing: /home/xenover/Bosch/AMS_system/install/teleop_tools/share/teleop_tools/environment/path.dsv
[0.293s] -- Installing: /home/xenover/Bosch/AMS_system/install/teleop_tools/share/teleop_tools/local_setup.bash
[0.293s] -- Installing: /home/xenover/Bosch/AMS_system/install/teleop_tools/share/teleop_tools/local_setup.sh
[0.293s] -- Installing: /home/xenover/Bosch/AMS_system/install/teleop_tools/share/teleop_tools/local_setup.zsh
[0.293s] -- Installing: /home/xenover/Bosch/AMS_system/install/teleop_tools/share/teleop_tools/local_setup.dsv
[0.293s] -- Installing: /home/xenover/Bosch/AMS_system/install/teleop_tools/share/teleop_tools/package.dsv
[0.294s] -- Installing: /home/xenover/Bosch/AMS_system/install/teleop_tools/share/ament_index/resource_index/packages/teleop_tools
[0.294s] -- Installing: /home/xenover/Bosch/AMS_system/install/teleop_tools/share/teleop_tools/cmake/teleop_toolsConfig.cmake
[0.294s] -- Installing: /home/xenover/Bosch/AMS_system/install/teleop_tools/share/teleop_tools/cmake/teleop_toolsConfig-version.cmake
[0.294s] -- Installing: /home/xenover/Bosch/AMS_system/install/teleop_tools/share/teleop_tools/package.xml
[0.296s] Invoked command in '/home/xenover/Bosch/AMS_system/build/teleop_tools' returned '0': AMENT_PREFIX_PATH=/home/xenover/Bosch/AMS_system/install/joy_teleop:/home/xenover/Bosch/AMS_system/install/teleop_tools_msgs:/home/xenover/Bosch/AMS_system/install/key_teleop:${AMENT_PREFIX_PATH} CMAKE_PREFIX_PATH=/home/xenover/Bosch/AMS_system/install/teleop_tools_msgs:/opt/ros/humble LD_LIBRARY_PATH=/home/xenover/Bosch/AMS_system/install/teleop_tools_msgs/lib:${LD_LIBRARY_PATH} PYTHONPATH=/home/xenover/Bosch/AMS_system/install/joy_teleop/lib/python3.10/site-packages:/home/xenover/Bosch/AMS_system/install/teleop_tools_msgs/local/lib/python3.10/dist-packages:/home/xenover/Bosch/AMS_system/install/key_teleop/lib/python3.10/site-packages:${PYTHONPATH} /usr/bin/cmake --install /home/xenover/Bosch/AMS_system/build/teleop_tools
