[0.006s] Invoking command in '/home/xenover/Bosch/AMS_system/build/vesc_driver': AMENT_PREFIX_PATH=/home/xenover/Bosch/AMS_system/install/vesc_msgs:${AMENT_PREFIX_PATH} CMAKE_PREFIX_PATH=/home/xenover/Bosch/AMS_system/install/vesc_msgs:/opt/ros/humble LD_LIBRARY_PATH=/home/xenover/Bosch/AMS_system/install/vesc_msgs/lib:${LD_LIBRARY_PATH} PYTHONPATH=/home/xenover/Bosch/AMS_system/install/vesc_msgs/local/lib/python3.10/dist-packages:${PYTHONPATH} /usr/bin/cmake /home/xenover/Bosch/AMS_system/vesc/vesc_driver -DCMAKE_INSTALL_PREFIX=/home/xenover/Bosch/AMS_system/install/vesc_driver
[0.047s] -- The C compiler identification is GNU 11.4.0
[0.088s] -- The CXX compiler identification is GNU 11.4.0
[0.093s] -- Detecting C compiler ABI info
[0.146s] -- Detecting C compiler ABI info - done
[0.150s] -- Check for working C compiler: /usr/bin/cc - skipped
[0.151s] -- Detecting C compile features
[0.151s] -- Detecting C compile features - done
[0.153s] -- Detecting CXX compiler ABI info
[0.212s] -- Detecting CXX compiler ABI info - done
[0.216s] -- Check for working CXX compiler: /usr/bin/c++ - skipped
[0.216s] -- Detecting CXX compile features
[0.217s] -- Detecting CXX compile features - done
[0.218s] -- Found ament_cmake_auto: 1.3.13 (/opt/ros/humble/share/ament_cmake_auto/cmake)
[0.327s] -- Found Python3: /usr/bin/python3 (found version "3.10.12") found components: Interpreter 
[0.456s] -- Found rosidl_generator_c: 3.1.8 (/opt/ros/humble/share/rosidl_generator_c/cmake)
[0.459s] -- Found rosidl_adapter: 3.1.8 (/opt/ros/humble/share/rosidl_adapter/cmake)
[0.464s] -- Found rosidl_generator_cpp: 3.1.8 (/opt/ros/humble/share/rosidl_generator_cpp/cmake)
[0.471s] -- Using all available rosidl_typesupport_c: rosidl_typesupport_fastrtps_c;rosidl_typesupport_introspection_c
[0.481s] -- Using all available rosidl_typesupport_cpp: rosidl_typesupport_fastrtps_cpp;rosidl_typesupport_introspection_cpp
[0.507s] -- Found rmw_implementation_cmake: 6.1.2 (/opt/ros/humble/share/rmw_implementation_cmake/cmake)
[0.508s] -- Found rmw_fastrtps_cpp: 6.2.10 (/opt/ros/humble/share/rmw_fastrtps_cpp/cmake)
[0.579s] -- Found OpenSSL: /usr/lib/x86_64-linux-gnu/libcrypto.so (found version "3.0.2")  
[0.600s] -- Found FastRTPS: /opt/ros/humble/include  
[0.630s] -- Using RMW implementation 'rmw_fastrtps_cpp' as default
[0.635s] -- Looking for pthread.h
[0.698s] -- Looking for pthread.h - found
[0.698s] -- Performing Test CMAKE_HAVE_LIBC_PTHREAD
[0.761s] -- Performing Test CMAKE_HAVE_LIBC_PTHREAD - Success
[0.761s] -- Found Threads: TRUE  
[0.848s] -- Found asio_cmake_module: 1.2.0 (/opt/ros/humble/share/asio_cmake_module/cmake)
[0.848s] -- Found ASIO: /usr/include  
[0.887s] -- Found ament_lint_auto: 0.12.15 (/opt/ros/humble/share/ament_lint_auto/cmake)
[0.897s] [0mIn this package, headers install destination is set to `include` by ament_auto_package. It is recommended to install `include/vesc_driver` instead and will be the default behavior of ament_auto_package from ROS 2 Kilted Kaiju. On distributions before Kilted, ament_auto_package behaves the same way when you use USE_SCOPED_HEADER_INSTALL_DIR option.[0m
[0.899s] -- Added test 'copyright' to check source files copyright and LICENSE
[0.901s] -- Added test 'cppcheck' to perform static code analysis on C / C++ code
[0.901s] -- Configured cppcheck include dirs: /home/xenover/Bosch/AMS_system/vesc/vesc_driver/include
[0.901s] -- Configured cppcheck exclude dirs and/or files: 
[0.902s] -- Added test 'cpplint' to check C / C++ code against the Google style
[0.902s] -- Configured cpplint exclude dirs and/or files: 
[0.902s] -- Added test 'flake8' to check Python code syntax and style conventions
[0.903s] -- Added test 'lint_cmake' to check CMake code style
[0.903s] -- Added test 'pep257' to check Python code against some of the docstring style conventions in PEP 257
[0.904s] -- Added test 'uncrustify' to check C / C++ code style
[0.904s] -- Configured uncrustify additional arguments: 
[0.905s] -- Added test 'xmllint' to check XML markup files
[0.907s] -- Configuring done
[0.940s] -- Generating done
[0.946s] -- Build files have been written to: /home/xenover/Bosch/AMS_system/build/vesc_driver
[0.956s] Invoked command in '/home/xenover/Bosch/AMS_system/build/vesc_driver' returned '0': AMENT_PREFIX_PATH=/home/xenover/Bosch/AMS_system/install/vesc_msgs:${AMENT_PREFIX_PATH} CMAKE_PREFIX_PATH=/home/xenover/Bosch/AMS_system/install/vesc_msgs:/opt/ros/humble LD_LIBRARY_PATH=/home/xenover/Bosch/AMS_system/install/vesc_msgs/lib:${LD_LIBRARY_PATH} PYTHONPATH=/home/xenover/Bosch/AMS_system/install/vesc_msgs/local/lib/python3.10/dist-packages:${PYTHONPATH} /usr/bin/cmake /home/xenover/Bosch/AMS_system/vesc/vesc_driver -DCMAKE_INSTALL_PREFIX=/home/xenover/Bosch/AMS_system/install/vesc_driver
[0.957s] Invoking command in '/home/xenover/Bosch/AMS_system/build/vesc_driver': AMENT_PREFIX_PATH=/home/xenover/Bosch/AMS_system/install/vesc_msgs:${AMENT_PREFIX_PATH} CMAKE_PREFIX_PATH=/home/xenover/Bosch/AMS_system/install/vesc_msgs:/opt/ros/humble LD_LIBRARY_PATH=/home/xenover/Bosch/AMS_system/install/vesc_msgs/lib:${LD_LIBRARY_PATH} PYTHONPATH=/home/xenover/Bosch/AMS_system/install/vesc_msgs/local/lib/python3.10/dist-packages:${PYTHONPATH} /usr/bin/cmake --build /home/xenover/Bosch/AMS_system/build/vesc_driver -- -j16 -l16
[0.997s] [ 20%] [32mBuilding CXX object CMakeFiles/vesc_driver.dir/src/vesc_packet_factory.cpp.o[0m
[0.998s] [ 20%] [32mBuilding CXX object CMakeFiles/vesc_driver.dir/src/vesc_packet.cpp.o[0m
[0.998s] [ 30%] [32mBuilding CXX object CMakeFiles/vesc_driver.dir/src/vesc_driver.cpp.o[0m
[0.998s] [ 40%] [32mBuilding CXX object CMakeFiles/vesc_driver.dir/src/vesc_interface.cpp.o[0m
[0.998s] [ 50%] [32mBuilding CXX object CMakeFiles/vesc_driver_node.dir/rclcpp_components/node_main_vesc_driver_node.cpp.o[0m
[3.286s] [ 60%] [32m[1mLinking CXX executable vesc_driver_node[0m
[3.382s] [ 60%] Built target vesc_driver_node
[8.033s] [ 70%] [32m[1mLinking CXX shared library libvesc_driver.so[0m
[8.427s] [ 70%] Built target vesc_driver
[8.446s] [ 80%] [32mBuilding CXX object CMakeFiles/vesc_device_namer.dir/src/vesc_device_namer.cpp.o[0m
[8.447s] [ 90%] [32mBuilding CXX object CMakeFiles/vesc_device_namer.dir/src/vesc_device_uuid_lookup.cpp.o[0m
[8.927s] [100%] [32m[1mLinking CXX executable vesc_device_namer[0m
[9.114s] [100%] Built target vesc_device_namer
[9.126s] Invoked command in '/home/xenover/Bosch/AMS_system/build/vesc_driver' returned '0': AMENT_PREFIX_PATH=/home/xenover/Bosch/AMS_system/install/vesc_msgs:${AMENT_PREFIX_PATH} CMAKE_PREFIX_PATH=/home/xenover/Bosch/AMS_system/install/vesc_msgs:/opt/ros/humble LD_LIBRARY_PATH=/home/xenover/Bosch/AMS_system/install/vesc_msgs/lib:${LD_LIBRARY_PATH} PYTHONPATH=/home/xenover/Bosch/AMS_system/install/vesc_msgs/local/lib/python3.10/dist-packages:${PYTHONPATH} /usr/bin/cmake --build /home/xenover/Bosch/AMS_system/build/vesc_driver -- -j16 -l16
[9.127s] Invoking command in '/home/xenover/Bosch/AMS_system/build/vesc_driver': AMENT_PREFIX_PATH=/home/xenover/Bosch/AMS_system/install/vesc_msgs:${AMENT_PREFIX_PATH} CMAKE_PREFIX_PATH=/home/xenover/Bosch/AMS_system/install/vesc_msgs:/opt/ros/humble LD_LIBRARY_PATH=/home/xenover/Bosch/AMS_system/install/vesc_msgs/lib:${LD_LIBRARY_PATH} PYTHONPATH=/home/xenover/Bosch/AMS_system/install/vesc_msgs/local/lib/python3.10/dist-packages:${PYTHONPATH} /usr/bin/cmake --install /home/xenover/Bosch/AMS_system/build/vesc_driver
[9.133s] -- Install configuration: ""
[9.134s] -- Installing: /home/xenover/Bosch/AMS_system/install/vesc_driver/lib/vesc_driver/vesc_driver_node
[9.135s] -- Set runtime path of "/home/xenover/Bosch/AMS_system/install/vesc_driver/lib/vesc_driver/vesc_driver_node" to ""
[9.135s] -- Installing: /home/xenover/Bosch/AMS_system/install/vesc_driver/include
[9.135s] -- Installing: /home/xenover/Bosch/AMS_system/install/vesc_driver/include/vesc_driver
[9.135s] -- Installing: /home/xenover/Bosch/AMS_system/install/vesc_driver/include/vesc_driver/vesc_packet.hpp
[9.135s] -- Installing: /home/xenover/Bosch/AMS_system/install/vesc_driver/include/vesc_driver/crc.hpp
[9.135s] -- Installing: /home/xenover/Bosch/AMS_system/install/vesc_driver/include/vesc_driver/datatypes.hpp
[9.135s] -- Installing: /home/xenover/Bosch/AMS_system/install/vesc_driver/include/vesc_driver/vesc_packet_factory.hpp
[9.135s] -- Installing: /home/xenover/Bosch/AMS_system/install/vesc_driver/include/vesc_driver/vesc_interface.hpp
[9.135s] -- Installing: /home/xenover/Bosch/AMS_system/install/vesc_driver/include/vesc_driver/vesc_driver.hpp
[9.136s] -- Installing: /home/xenover/Bosch/AMS_system/install/vesc_driver/include/vesc_driver/vesc_device_uuid_lookup.hpp
[9.136s] -- Installing: /home/xenover/Bosch/AMS_system/install/vesc_driver/share/vesc_driver/environment/library_path.sh
[9.136s] -- Installing: /home/xenover/Bosch/AMS_system/install/vesc_driver/share/vesc_driver/environment/library_path.dsv
[9.136s] -- Installing: /home/xenover/Bosch/AMS_system/install/vesc_driver/lib/libvesc_driver.so
[9.144s] -- Set runtime path of "/home/xenover/Bosch/AMS_system/install/vesc_driver/lib/libvesc_driver.so" to ""
[9.144s] -- Installing: /home/xenover/Bosch/AMS_system/install/vesc_driver/lib/vesc_driver/vesc_device_namer
[9.144s] -- Set runtime path of "/home/xenover/Bosch/AMS_system/install/vesc_driver/lib/vesc_driver/vesc_device_namer" to ""
[9.144s] -- Installing: /home/xenover/Bosch/AMS_system/install/vesc_driver/share/vesc_driver/launch
[9.144s] -- Installing: /home/xenover/Bosch/AMS_system/install/vesc_driver/share/vesc_driver/launch/vesc_driver_node.launch.py
[9.145s] -- Installing: /home/xenover/Bosch/AMS_system/install/vesc_driver/share/vesc_driver/params
[9.145s] -- Installing: /home/xenover/Bosch/AMS_system/install/vesc_driver/share/vesc_driver/params/vesc_config.yaml
[9.145s] -- Installing: /home/xenover/Bosch/AMS_system/install/vesc_driver/share/ament_index/resource_index/package_run_dependencies/vesc_driver
[9.145s] -- Installing: /home/xenover/Bosch/AMS_system/install/vesc_driver/share/ament_index/resource_index/parent_prefix_path/vesc_driver
[9.145s] -- Installing: /home/xenover/Bosch/AMS_system/install/vesc_driver/share/vesc_driver/environment/ament_prefix_path.sh
[9.145s] -- Installing: /home/xenover/Bosch/AMS_system/install/vesc_driver/share/vesc_driver/environment/ament_prefix_path.dsv
[9.145s] -- Installing: /home/xenover/Bosch/AMS_system/install/vesc_driver/share/vesc_driver/environment/path.sh
[9.145s] -- Installing: /home/xenover/Bosch/AMS_system/install/vesc_driver/share/vesc_driver/environment/path.dsv
[9.146s] -- Installing: /home/xenover/Bosch/AMS_system/install/vesc_driver/share/vesc_driver/local_setup.bash
[9.146s] -- Installing: /home/xenover/Bosch/AMS_system/install/vesc_driver/share/vesc_driver/local_setup.sh
[9.146s] -- Installing: /home/xenover/Bosch/AMS_system/install/vesc_driver/share/vesc_driver/local_setup.zsh
[9.146s] -- Installing: /home/xenover/Bosch/AMS_system/install/vesc_driver/share/vesc_driver/local_setup.dsv
[9.146s] -- Installing: /home/xenover/Bosch/AMS_system/install/vesc_driver/share/vesc_driver/package.dsv
[9.146s] -- Installing: /home/xenover/Bosch/AMS_system/install/vesc_driver/share/ament_index/resource_index/packages/vesc_driver
[9.146s] -- Installing: /home/xenover/Bosch/AMS_system/install/vesc_driver/share/ament_index/resource_index/rclcpp_components/vesc_driver
[9.146s] -- Installing: /home/xenover/Bosch/AMS_system/install/vesc_driver/share/vesc_driver/cmake/ament_cmake_export_dependencies-extras.cmake
[9.146s] -- Installing: /home/xenover/Bosch/AMS_system/install/vesc_driver/share/vesc_driver/cmake/ament_cmake_export_include_directories-extras.cmake
[9.146s] -- Installing: /home/xenover/Bosch/AMS_system/install/vesc_driver/share/vesc_driver/cmake/ament_cmake_export_libraries-extras.cmake
[9.146s] -- Installing: /home/xenover/Bosch/AMS_system/install/vesc_driver/share/vesc_driver/cmake/vesc_driverConfig.cmake
[9.147s] -- Installing: /home/xenover/Bosch/AMS_system/install/vesc_driver/share/vesc_driver/cmake/vesc_driverConfig-version.cmake
[9.147s] -- Installing: /home/xenover/Bosch/AMS_system/install/vesc_driver/share/vesc_driver/package.xml
[9.149s] Invoked command in '/home/xenover/Bosch/AMS_system/build/vesc_driver' returned '0': AMENT_PREFIX_PATH=/home/xenover/Bosch/AMS_system/install/vesc_msgs:${AMENT_PREFIX_PATH} CMAKE_PREFIX_PATH=/home/xenover/Bosch/AMS_system/install/vesc_msgs:/opt/ros/humble LD_LIBRARY_PATH=/home/xenover/Bosch/AMS_system/install/vesc_msgs/lib:${LD_LIBRARY_PATH} PYTHONPATH=/home/xenover/Bosch/AMS_system/install/vesc_msgs/local/lib/python3.10/dist-packages:${PYTHONPATH} /usr/bin/cmake --install /home/xenover/Bosch/AMS_system/build/vesc_driver
