[0.015s] Invoking command in '/home/xenover/Bosch/AMS_system/build/teleop_tools_msgs': CMAKE_PREFIX_PATH=/opt/ros/humble /usr/bin/cmake /home/xenover/Bosch/AMS_system/teleop_tools/teleop_tools_msgs -DCMAKE_INSTALL_PREFIX=/home/xenover/Bosch/AMS_system/install/teleop_tools_msgs
[0.166s] -- The C compiler identification is GNU 11.4.0
[0.166s] -- The CXX compiler identification is GNU 11.4.0
[0.166s] -- Detecting C compiler ABI info
[0.166s] -- Detecting C compiler ABI info - done
[0.166s] -- Check for working C compiler: /usr/bin/cc - skipped
[0.166s] -- Detecting C compile features
[0.166s] -- Detecting C compile features - done
[0.166s] -- Detecting CXX compiler ABI info
[0.218s] -- Detecting CXX compiler ABI info - done
[0.224s] -- Check for working CXX compiler: /usr/bin/c++ - skipped
[0.224s] -- Detecting CXX compile features
[0.225s] -- Detecting CXX compile features - done
[0.226s] -- Found ament_cmake: 1.3.13 (/opt/ros/humble/share/ament_cmake/cmake)
[0.326s] -- Found Python3: /usr/bin/python3 (found version "3.10.12") found components: Interpreter 
[0.383s] -- Found rosidl_default_generators: 1.2.0 (/opt/ros/humble/share/rosidl_default_generators/cmake)
[0.385s] -- Using all available rosidl_typesupport_c: rosidl_typesupport_fastrtps_c;rosidl_typesupport_introspection_c
[0.388s] -- Found rosidl_adapter: 3.1.8 (/opt/ros/humble/share/rosidl_adapter/cmake)
[0.412s] -- Using all available rosidl_typesupport_cpp: rosidl_typesupport_fastrtps_cpp;rosidl_typesupport_introspection_cpp
[0.434s] -- Found ament_lint_auto: 0.12.15 (/opt/ros/humble/share/ament_lint_auto/cmake)
[0.631s] -- Found ament_cmake_ros: 0.10.0 (/opt/ros/humble/share/ament_cmake_ros/cmake)
[0.760s] -- Using all available rosidl_typesupport_c: rosidl_typesupport_fastrtps_c;rosidl_typesupport_introspection_c
[0.927s] -- Using all available rosidl_typesupport_cpp: rosidl_typesupport_fastrtps_cpp;rosidl_typesupport_introspection_cpp
[0.944s] -- Found PythonInterp: /usr/bin/python3 (found suitable version "3.10.12", minimum required is "3.6") 
[0.945s] -- Found python_cmake_module: 0.10.0 (/opt/ros/humble/share/python_cmake_module/cmake)
[0.963s] -- Found PythonLibs: /usr/lib/x86_64-linux-gnu/libpython3.10.so (found suitable version "3.10.12", minimum required is "3.5") 
[0.963s] -- Using PYTHON_EXECUTABLE: /usr/bin/python3
[0.963s] -- Using PYTHON_INCLUDE_DIRS: /usr/include/python3.10
[0.963s] -- Using PYTHON_LIBRARIES: /usr/lib/x86_64-linux-gnu/libpython3.10.so
[0.978s] -- Found PythonExtra: .so  
[1.007s] -- Added test 'copyright' to check source files copyright and LICENSE
[1.008s] -- Added test 'lint_cmake' to check CMake code style
[1.008s] -- Added test 'xmllint' to check XML markup files
[1.011s] -- Configuring done
[1.036s] -- Generating done
[1.044s] -- Build files have been written to: /home/xenover/Bosch/AMS_system/build/teleop_tools_msgs
[1.052s] Invoked command in '/home/xenover/Bosch/AMS_system/build/teleop_tools_msgs' returned '0': CMAKE_PREFIX_PATH=/opt/ros/humble /usr/bin/cmake /home/xenover/Bosch/AMS_system/teleop_tools/teleop_tools_msgs -DCMAKE_INSTALL_PREFIX=/home/xenover/Bosch/AMS_system/install/teleop_tools_msgs
[1.053s] Invoking command in '/home/xenover/Bosch/AMS_system/build/teleop_tools_msgs': CMAKE_PREFIX_PATH=/opt/ros/humble /usr/bin/cmake --build /home/xenover/Bosch/AMS_system/build/teleop_tools_msgs -- -j16 -l16
[1.086s] [  3%] [34m[1mGenerating C code for ROS interfaces[0m
[1.093s] [  6%] [34m[1mGenerating C++ code for ROS interfaces[0m
[1.100s] [  6%] Built target ament_cmake_python_copy_teleop_tools_msgs
[1.244s] running egg_info
[1.245s] creating teleop_tools_msgs.egg-info
[1.245s] writing teleop_tools_msgs.egg-info/PKG-INFO
[1.245s] writing dependency_links to teleop_tools_msgs.egg-info/dependency_links.txt
[1.245s] writing top-level names to teleop_tools_msgs.egg-info/top_level.txt
[1.245s] writing manifest file 'teleop_tools_msgs.egg-info/SOURCES.txt'
[1.246s] reading manifest file 'teleop_tools_msgs.egg-info/SOURCES.txt'
[1.247s] writing manifest file 'teleop_tools_msgs.egg-info/SOURCES.txt'
[1.270s] [  6%] Built target ament_cmake_python_build_teleop_tools_msgs_egg
[1.351s] [  6%] Built target teleop_tools_msgs__cpp
[1.359s] [  9%] [34m[1mGenerating C++ introspection for ROS interfaces[0m
[1.360s] [ 12%] [34m[1mGenerating C++ type support for eProsima Fast-RTPS[0m
[1.360s] [ 16%] [34m[1mGenerating C++ type support dispatch for ROS interfaces[0m
[1.368s] [ 19%] [32mBuilding C object CMakeFiles/teleop_tools_msgs__rosidl_generator_c.dir/rosidl_generator_c/teleop_tools_msgs/action/detail/increment__functions.c.o[0m
[1.455s] [ 22%] [32m[1mLinking C shared library libteleop_tools_msgs__rosidl_generator_c.so[0m
[1.486s] [ 22%] Built target teleop_tools_msgs__rosidl_generator_c
[1.495s] [ 25%] [34m[1mGenerating C introspection for ROS interfaces[0m
[1.496s] [ 29%] [34m[1mGenerating C type support for eProsima Fast-RTPS[0m
[1.496s] [ 32%] [34m[1mGenerating C type support dispatch for ROS interfaces[0m
[1.595s] [ 35%] [32mBuilding CXX object CMakeFiles/teleop_tools_msgs__rosidl_typesupport_introspection_cpp.dir/rosidl_typesupport_introspection_cpp/teleop_tools_msgs/action/detail/increment__type_support.cpp.o[0m
[1.623s] [ 38%] [32mBuilding CXX object CMakeFiles/teleop_tools_msgs__rosidl_typesupport_fastrtps_cpp.dir/rosidl_typesupport_fastrtps_cpp/teleop_tools_msgs/action/detail/dds_fastrtps/increment__type_support.cpp.o[0m
[1.642s] [ 41%] [32mBuilding CXX object CMakeFiles/teleop_tools_msgs__rosidl_typesupport_cpp.dir/rosidl_typesupport_cpp/teleop_tools_msgs/action/increment__type_support.cpp.o[0m
[1.752s] [ 45%] [32mBuilding CXX object CMakeFiles/teleop_tools_msgs__rosidl_typesupport_c.dir/rosidl_typesupport_c/teleop_tools_msgs/action/increment__type_support.cpp.o[0m
[1.807s] [ 48%] [32m[1mLinking CXX shared library libteleop_tools_msgs__rosidl_typesupport_c.so[0m
[1.857s] [ 48%] Built target teleop_tools_msgs__rosidl_typesupport_c
[1.872s] [ 51%] [32mBuilding C object CMakeFiles/teleop_tools_msgs__rosidl_typesupport_introspection_c.dir/rosidl_typesupport_introspection_c/teleop_tools_msgs/action/detail/increment__type_support.c.o[0m
[1.876s] [ 54%] [32mBuilding CXX object CMakeFiles/teleop_tools_msgs__rosidl_typesupport_fastrtps_c.dir/rosidl_typesupport_fastrtps_c/teleop_tools_msgs/action/detail/increment__type_support_c.cpp.o[0m
[1.923s] [ 58%] [32m[1mLinking C shared library libteleop_tools_msgs__rosidl_typesupport_introspection_c.so[0m
[1.962s] [ 58%] Built target teleop_tools_msgs__rosidl_typesupport_introspection_c
[2.056s] [ 61%] [32m[1mLinking CXX shared library libteleop_tools_msgs__rosidl_typesupport_cpp.so[0m
[2.092s] [ 64%] [32m[1mLinking CXX shared library libteleop_tools_msgs__rosidl_typesupport_fastrtps_cpp.so[0m
[2.096s] [ 64%] Built target teleop_tools_msgs__rosidl_typesupport_cpp
[2.167s] [ 67%] [32m[1mLinking CXX shared library libteleop_tools_msgs__rosidl_typesupport_introspection_cpp.so[0m
[2.190s] [ 67%] Built target teleop_tools_msgs__rosidl_typesupport_fastrtps_cpp
[2.259s] [ 70%] [32m[1mLinking CXX shared library libteleop_tools_msgs__rosidl_typesupport_fastrtps_c.so[0m
[2.267s] [ 70%] Built target teleop_tools_msgs__rosidl_typesupport_introspection_cpp
[2.440s] [ 70%] Built target teleop_tools_msgs__rosidl_typesupport_fastrtps_c
[2.471s] [ 70%] Built target teleop_tools_msgs
[2.515s] [ 74%] [34m[1mGenerating Python code for ROS interfaces[0m
[3.058s] [ 74%] Built target teleop_tools_msgs__py
[3.078s] [ 77%] [32mBuilding C object CMakeFiles/teleop_tools_msgs__rosidl_generator_py.dir/rosidl_generator_py/teleop_tools_msgs/action/_increment_s.c.o[0m
[3.174s] [ 80%] [32m[1mLinking C shared library rosidl_generator_py/teleop_tools_msgs/libteleop_tools_msgs__rosidl_generator_py.so[0m
[3.211s] [ 80%] Built target teleop_tools_msgs__rosidl_generator_py
[3.229s] [ 87%] [32mBuilding C object CMakeFiles/teleop_tools_msgs__rosidl_typesupport_fastrtps_c__pyext.dir/rosidl_generator_py/teleop_tools_msgs/_teleop_tools_msgs_s.ep.rosidl_typesupport_fastrtps_c.c.o[0m
[3.230s] [ 87%] [32mBuilding C object CMakeFiles/teleop_tools_msgs__rosidl_typesupport_introspection_c__pyext.dir/rosidl_generator_py/teleop_tools_msgs/_teleop_tools_msgs_s.ep.rosidl_typesupport_introspection_c.c.o[0m
[3.230s] [ 90%] [32mBuilding C object CMakeFiles/teleop_tools_msgs__rosidl_typesupport_c__pyext.dir/rosidl_generator_py/teleop_tools_msgs/_teleop_tools_msgs_s.ep.rosidl_typesupport_c.c.o[0m
[3.312s] [100%] [32m[1mLinking C shared library rosidl_generator_py/teleop_tools_msgs/teleop_tools_msgs_s__rosidl_typesupport_fastrtps_c.cpython-310-x86_64-linux-gnu.so[0m
[3.313s] [100%] [32m[1mLinking C shared library rosidl_generator_py/teleop_tools_msgs/teleop_tools_msgs_s__rosidl_typesupport_introspection_c.cpython-310-x86_64-linux-gnu.so[0m
[3.313s] [100%] [32m[1mLinking C shared library rosidl_generator_py/teleop_tools_msgs/teleop_tools_msgs_s__rosidl_typesupport_c.cpython-310-x86_64-linux-gnu.so[0m
[3.345s] [100%] Built target teleop_tools_msgs__rosidl_typesupport_fastrtps_c__pyext
[3.345s] [100%] Built target teleop_tools_msgs__rosidl_typesupport_c__pyext
[3.345s] [100%] Built target teleop_tools_msgs__rosidl_typesupport_introspection_c__pyext
[3.355s] Invoked command in '/home/xenover/Bosch/AMS_system/build/teleop_tools_msgs' returned '0': CMAKE_PREFIX_PATH=/opt/ros/humble /usr/bin/cmake --build /home/xenover/Bosch/AMS_system/build/teleop_tools_msgs -- -j16 -l16
[3.365s] Invoking command in '/home/xenover/Bosch/AMS_system/build/teleop_tools_msgs': CMAKE_PREFIX_PATH=/opt/ros/humble /usr/bin/cmake --install /home/xenover/Bosch/AMS_system/build/teleop_tools_msgs
[3.371s] -- Install configuration: ""
[3.371s] -- Installing: /home/xenover/Bosch/AMS_system/install/teleop_tools_msgs/share/ament_index/resource_index/rosidl_interfaces/teleop_tools_msgs
[3.371s] -- Installing: /home/xenover/Bosch/AMS_system/install/teleop_tools_msgs/include/teleop_tools_msgs/teleop_tools_msgs
[3.371s] -- Installing: /home/xenover/Bosch/AMS_system/install/teleop_tools_msgs/include/teleop_tools_msgs/teleop_tools_msgs/action
[3.371s] -- Installing: /home/xenover/Bosch/AMS_system/install/teleop_tools_msgs/include/teleop_tools_msgs/teleop_tools_msgs/action/increment.h
[3.371s] -- Installing: /home/xenover/Bosch/AMS_system/install/teleop_tools_msgs/include/teleop_tools_msgs/teleop_tools_msgs/action/detail
[3.371s] -- Installing: /home/xenover/Bosch/AMS_system/install/teleop_tools_msgs/include/teleop_tools_msgs/teleop_tools_msgs/action/detail/increment__type_support.h
[3.371s] -- Installing: /home/xenover/Bosch/AMS_system/install/teleop_tools_msgs/include/teleop_tools_msgs/teleop_tools_msgs/action/detail/increment__struct.h
[3.372s] -- Installing: /home/xenover/Bosch/AMS_system/install/teleop_tools_msgs/include/teleop_tools_msgs/teleop_tools_msgs/action/detail/increment__functions.c
[3.372s] -- Installing: /home/xenover/Bosch/AMS_system/install/teleop_tools_msgs/include/teleop_tools_msgs/teleop_tools_msgs/action/detail/increment__functions.h
[3.372s] -- Installing: /home/xenover/Bosch/AMS_system/install/teleop_tools_msgs/include/teleop_tools_msgs/teleop_tools_msgs/msg
[3.372s] -- Installing: /home/xenover/Bosch/AMS_system/install/teleop_tools_msgs/include/teleop_tools_msgs/teleop_tools_msgs/msg/rosidl_generator_c__visibility_control.h
[3.372s] -- Installing: /home/xenover/Bosch/AMS_system/install/teleop_tools_msgs/share/teleop_tools_msgs/environment/library_path.sh
[3.372s] -- Installing: /home/xenover/Bosch/AMS_system/install/teleop_tools_msgs/share/teleop_tools_msgs/environment/library_path.dsv
[3.372s] -- Installing: /home/xenover/Bosch/AMS_system/install/teleop_tools_msgs/lib/libteleop_tools_msgs__rosidl_generator_c.so
[3.373s] -- Set runtime path of "/home/xenover/Bosch/AMS_system/install/teleop_tools_msgs/lib/libteleop_tools_msgs__rosidl_generator_c.so" to ""
[3.373s] -- Up-to-date: /home/xenover/Bosch/AMS_system/install/teleop_tools_msgs/include/teleop_tools_msgs/teleop_tools_msgs
[3.373s] -- Up-to-date: /home/xenover/Bosch/AMS_system/install/teleop_tools_msgs/include/teleop_tools_msgs/teleop_tools_msgs/action
[3.373s] -- Up-to-date: /home/xenover/Bosch/AMS_system/install/teleop_tools_msgs/include/teleop_tools_msgs/teleop_tools_msgs/action/detail
[3.373s] -- Installing: /home/xenover/Bosch/AMS_system/install/teleop_tools_msgs/include/teleop_tools_msgs/teleop_tools_msgs/action/detail/increment__rosidl_typesupport_fastrtps_c.h
[3.373s] -- Up-to-date: /home/xenover/Bosch/AMS_system/install/teleop_tools_msgs/include/teleop_tools_msgs/teleop_tools_msgs/msg
[3.373s] -- Installing: /home/xenover/Bosch/AMS_system/install/teleop_tools_msgs/include/teleop_tools_msgs/teleop_tools_msgs/msg/rosidl_typesupport_fastrtps_c__visibility_control.h
[3.373s] -- Installing: /home/xenover/Bosch/AMS_system/install/teleop_tools_msgs/lib/libteleop_tools_msgs__rosidl_typesupport_fastrtps_c.so
[3.373s] -- Set runtime path of "/home/xenover/Bosch/AMS_system/install/teleop_tools_msgs/lib/libteleop_tools_msgs__rosidl_typesupport_fastrtps_c.so" to ""
[3.373s] -- Up-to-date: /home/xenover/Bosch/AMS_system/install/teleop_tools_msgs/include/teleop_tools_msgs/teleop_tools_msgs
[3.373s] -- Up-to-date: /home/xenover/Bosch/AMS_system/install/teleop_tools_msgs/include/teleop_tools_msgs/teleop_tools_msgs/action
[3.373s] -- Up-to-date: /home/xenover/Bosch/AMS_system/install/teleop_tools_msgs/include/teleop_tools_msgs/teleop_tools_msgs/action/detail
[3.373s] -- Installing: /home/xenover/Bosch/AMS_system/install/teleop_tools_msgs/include/teleop_tools_msgs/teleop_tools_msgs/action/detail/increment__rosidl_typesupport_introspection_c.h
[3.374s] -- Installing: /home/xenover/Bosch/AMS_system/install/teleop_tools_msgs/include/teleop_tools_msgs/teleop_tools_msgs/action/detail/increment__type_support.c
[3.374s] -- Up-to-date: /home/xenover/Bosch/AMS_system/install/teleop_tools_msgs/include/teleop_tools_msgs/teleop_tools_msgs/msg
[3.374s] -- Installing: /home/xenover/Bosch/AMS_system/install/teleop_tools_msgs/include/teleop_tools_msgs/teleop_tools_msgs/msg/rosidl_typesupport_introspection_c__visibility_control.h
[3.374s] -- Installing: /home/xenover/Bosch/AMS_system/install/teleop_tools_msgs/lib/libteleop_tools_msgs__rosidl_typesupport_introspection_c.so
[3.374s] -- Set runtime path of "/home/xenover/Bosch/AMS_system/install/teleop_tools_msgs/lib/libteleop_tools_msgs__rosidl_typesupport_introspection_c.so" to ""
[3.374s] -- Installing: /home/xenover/Bosch/AMS_system/install/teleop_tools_msgs/lib/libteleop_tools_msgs__rosidl_typesupport_c.so
[3.374s] -- Set runtime path of "/home/xenover/Bosch/AMS_system/install/teleop_tools_msgs/lib/libteleop_tools_msgs__rosidl_typesupport_c.so" to ""
[3.375s] -- Up-to-date: /home/xenover/Bosch/AMS_system/install/teleop_tools_msgs/include/teleop_tools_msgs/teleop_tools_msgs
[3.375s] -- Up-to-date: /home/xenover/Bosch/AMS_system/install/teleop_tools_msgs/include/teleop_tools_msgs/teleop_tools_msgs/action
[3.375s] -- Installing: /home/xenover/Bosch/AMS_system/install/teleop_tools_msgs/include/teleop_tools_msgs/teleop_tools_msgs/action/increment.hpp
[3.375s] -- Up-to-date: /home/xenover/Bosch/AMS_system/install/teleop_tools_msgs/include/teleop_tools_msgs/teleop_tools_msgs/action/detail
[3.375s] -- Installing: /home/xenover/Bosch/AMS_system/install/teleop_tools_msgs/include/teleop_tools_msgs/teleop_tools_msgs/action/detail/increment__traits.hpp
[3.375s] -- Installing: /home/xenover/Bosch/AMS_system/install/teleop_tools_msgs/include/teleop_tools_msgs/teleop_tools_msgs/action/detail/increment__type_support.hpp
[3.375s] -- Installing: /home/xenover/Bosch/AMS_system/install/teleop_tools_msgs/include/teleop_tools_msgs/teleop_tools_msgs/action/detail/increment__struct.hpp
[3.375s] -- Installing: /home/xenover/Bosch/AMS_system/install/teleop_tools_msgs/include/teleop_tools_msgs/teleop_tools_msgs/action/detail/increment__builder.hpp
[3.375s] -- Up-to-date: /home/xenover/Bosch/AMS_system/install/teleop_tools_msgs/include/teleop_tools_msgs/teleop_tools_msgs/msg
[3.375s] -- Installing: /home/xenover/Bosch/AMS_system/install/teleop_tools_msgs/include/teleop_tools_msgs/teleop_tools_msgs/msg/rosidl_generator_cpp__visibility_control.hpp
[3.375s] -- Up-to-date: /home/xenover/Bosch/AMS_system/install/teleop_tools_msgs/include/teleop_tools_msgs/teleop_tools_msgs
[3.375s] -- Up-to-date: /home/xenover/Bosch/AMS_system/install/teleop_tools_msgs/include/teleop_tools_msgs/teleop_tools_msgs/action
[3.375s] -- Up-to-date: /home/xenover/Bosch/AMS_system/install/teleop_tools_msgs/include/teleop_tools_msgs/teleop_tools_msgs/action/detail
[3.375s] -- Installing: /home/xenover/Bosch/AMS_system/install/teleop_tools_msgs/include/teleop_tools_msgs/teleop_tools_msgs/action/detail/dds_fastrtps
[3.375s] -- Installing: /home/xenover/Bosch/AMS_system/install/teleop_tools_msgs/include/teleop_tools_msgs/teleop_tools_msgs/action/detail/increment__rosidl_typesupport_fastrtps_cpp.hpp
[3.375s] -- Up-to-date: /home/xenover/Bosch/AMS_system/install/teleop_tools_msgs/include/teleop_tools_msgs/teleop_tools_msgs/msg
[3.376s] -- Installing: /home/xenover/Bosch/AMS_system/install/teleop_tools_msgs/include/teleop_tools_msgs/teleop_tools_msgs/msg/rosidl_typesupport_fastrtps_cpp__visibility_control.h
[3.376s] -- Installing: /home/xenover/Bosch/AMS_system/install/teleop_tools_msgs/lib/libteleop_tools_msgs__rosidl_typesupport_fastrtps_cpp.so
[3.376s] -- Set runtime path of "/home/xenover/Bosch/AMS_system/install/teleop_tools_msgs/lib/libteleop_tools_msgs__rosidl_typesupport_fastrtps_cpp.so" to ""
[3.376s] -- Up-to-date: /home/xenover/Bosch/AMS_system/install/teleop_tools_msgs/include/teleop_tools_msgs/teleop_tools_msgs
[3.376s] -- Up-to-date: /home/xenover/Bosch/AMS_system/install/teleop_tools_msgs/include/teleop_tools_msgs/teleop_tools_msgs/action
[3.376s] -- Up-to-date: /home/xenover/Bosch/AMS_system/install/teleop_tools_msgs/include/teleop_tools_msgs/teleop_tools_msgs/action/detail
[3.376s] -- Installing: /home/xenover/Bosch/AMS_system/install/teleop_tools_msgs/include/teleop_tools_msgs/teleop_tools_msgs/action/detail/increment__rosidl_typesupport_introspection_cpp.hpp
[3.376s] -- Installing: /home/xenover/Bosch/AMS_system/install/teleop_tools_msgs/include/teleop_tools_msgs/teleop_tools_msgs/action/detail/increment__type_support.cpp
[3.376s] -- Installing: /home/xenover/Bosch/AMS_system/install/teleop_tools_msgs/lib/libteleop_tools_msgs__rosidl_typesupport_introspection_cpp.so
[3.377s] -- Set runtime path of "/home/xenover/Bosch/AMS_system/install/teleop_tools_msgs/lib/libteleop_tools_msgs__rosidl_typesupport_introspection_cpp.so" to ""
[3.377s] -- Installing: /home/xenover/Bosch/AMS_system/install/teleop_tools_msgs/lib/libteleop_tools_msgs__rosidl_typesupport_cpp.so
[3.377s] -- Set runtime path of "/home/xenover/Bosch/AMS_system/install/teleop_tools_msgs/lib/libteleop_tools_msgs__rosidl_typesupport_cpp.so" to ""
[3.377s] -- Installing: /home/xenover/Bosch/AMS_system/install/teleop_tools_msgs/share/teleop_tools_msgs/environment/pythonpath.sh
[3.377s] -- Installing: /home/xenover/Bosch/AMS_system/install/teleop_tools_msgs/share/teleop_tools_msgs/environment/pythonpath.dsv
[3.377s] -- Installing: /home/xenover/Bosch/AMS_system/install/teleop_tools_msgs/local/lib/python3.10/dist-packages/teleop_tools_msgs-1.2.1-py3.10.egg-info
[3.377s] -- Installing: /home/xenover/Bosch/AMS_system/install/teleop_tools_msgs/local/lib/python3.10/dist-packages/teleop_tools_msgs-1.2.1-py3.10.egg-info/PKG-INFO
[3.378s] -- Installing: /home/xenover/Bosch/AMS_system/install/teleop_tools_msgs/local/lib/python3.10/dist-packages/teleop_tools_msgs-1.2.1-py3.10.egg-info/dependency_links.txt
[3.378s] -- Installing: /home/xenover/Bosch/AMS_system/install/teleop_tools_msgs/local/lib/python3.10/dist-packages/teleop_tools_msgs-1.2.1-py3.10.egg-info/top_level.txt
[3.378s] -- Installing: /home/xenover/Bosch/AMS_system/install/teleop_tools_msgs/local/lib/python3.10/dist-packages/teleop_tools_msgs-1.2.1-py3.10.egg-info/SOURCES.txt
[3.378s] -- Installing: /home/xenover/Bosch/AMS_system/install/teleop_tools_msgs/local/lib/python3.10/dist-packages/teleop_tools_msgs
[3.378s] -- Installing: /home/xenover/Bosch/AMS_system/install/teleop_tools_msgs/local/lib/python3.10/dist-packages/teleop_tools_msgs/_teleop_tools_msgs_s.ep.rosidl_typesupport_fastrtps_c.c
[3.378s] -- Installing: /home/xenover/Bosch/AMS_system/install/teleop_tools_msgs/local/lib/python3.10/dist-packages/teleop_tools_msgs/teleop_tools_msgs_s__rosidl_typesupport_c.cpython-310-x86_64-linux-gnu.so
[3.378s] -- Installing: /home/xenover/Bosch/AMS_system/install/teleop_tools_msgs/local/lib/python3.10/dist-packages/teleop_tools_msgs/action
[3.378s] -- Installing: /home/xenover/Bosch/AMS_system/install/teleop_tools_msgs/local/lib/python3.10/dist-packages/teleop_tools_msgs/action/__init__.py
[3.378s] -- Installing: /home/xenover/Bosch/AMS_system/install/teleop_tools_msgs/local/lib/python3.10/dist-packages/teleop_tools_msgs/action/_increment_s.c
[3.379s] -- Installing: /home/xenover/Bosch/AMS_system/install/teleop_tools_msgs/local/lib/python3.10/dist-packages/teleop_tools_msgs/action/_increment.py
[3.379s] -- Installing: /home/xenover/Bosch/AMS_system/install/teleop_tools_msgs/local/lib/python3.10/dist-packages/teleop_tools_msgs/teleop_tools_msgs_s__rosidl_typesupport_introspection_c.cpython-310-x86_64-linux-gnu.so
[3.379s] -- Installing: /home/xenover/Bosch/AMS_system/install/teleop_tools_msgs/local/lib/python3.10/dist-packages/teleop_tools_msgs/_teleop_tools_msgs_s.ep.rosidl_typesupport_introspection_c.c
[3.379s] -- Installing: /home/xenover/Bosch/AMS_system/install/teleop_tools_msgs/local/lib/python3.10/dist-packages/teleop_tools_msgs/__init__.py
[3.379s] -- Installing: /home/xenover/Bosch/AMS_system/install/teleop_tools_msgs/local/lib/python3.10/dist-packages/teleop_tools_msgs/_teleop_tools_msgs_s.ep.rosidl_typesupport_c.c
[3.379s] -- Installing: /home/xenover/Bosch/AMS_system/install/teleop_tools_msgs/local/lib/python3.10/dist-packages/teleop_tools_msgs/teleop_tools_msgs_s__rosidl_typesupport_fastrtps_c.cpython-310-x86_64-linux-gnu.so
[3.379s] -- Installing: /home/xenover/Bosch/AMS_system/install/teleop_tools_msgs/local/lib/python3.10/dist-packages/teleop_tools_msgs/libteleop_tools_msgs__rosidl_generator_py.so
[3.405s] Listing '/home/xenover/Bosch/AMS_system/install/teleop_tools_msgs/local/lib/python3.10/dist-packages/teleop_tools_msgs'...
[3.405s] Compiling '/home/xenover/Bosch/AMS_system/install/teleop_tools_msgs/local/lib/python3.10/dist-packages/teleop_tools_msgs/__init__.py'...
[3.405s] Listing '/home/xenover/Bosch/AMS_system/install/teleop_tools_msgs/local/lib/python3.10/dist-packages/teleop_tools_msgs/action'...
[3.405s] Compiling '/home/xenover/Bosch/AMS_system/install/teleop_tools_msgs/local/lib/python3.10/dist-packages/teleop_tools_msgs/action/__init__.py'...
[3.405s] Compiling '/home/xenover/Bosch/AMS_system/install/teleop_tools_msgs/local/lib/python3.10/dist-packages/teleop_tools_msgs/action/_increment.py'...
[3.408s] -- Installing: /home/xenover/Bosch/AMS_system/install/teleop_tools_msgs/local/lib/python3.10/dist-packages/teleop_tools_msgs/teleop_tools_msgs_s__rosidl_typesupport_fastrtps_c.cpython-310-x86_64-linux-gnu.so
[3.409s] -- Set runtime path of "/home/xenover/Bosch/AMS_system/install/teleop_tools_msgs/local/lib/python3.10/dist-packages/teleop_tools_msgs/teleop_tools_msgs_s__rosidl_typesupport_fastrtps_c.cpython-310-x86_64-linux-gnu.so" to ""
[3.409s] -- Installing: /home/xenover/Bosch/AMS_system/install/teleop_tools_msgs/local/lib/python3.10/dist-packages/teleop_tools_msgs/teleop_tools_msgs_s__rosidl_typesupport_introspection_c.cpython-310-x86_64-linux-gnu.so
[3.409s] -- Set runtime path of "/home/xenover/Bosch/AMS_system/install/teleop_tools_msgs/local/lib/python3.10/dist-packages/teleop_tools_msgs/teleop_tools_msgs_s__rosidl_typesupport_introspection_c.cpython-310-x86_64-linux-gnu.so" to ""
[3.409s] -- Installing: /home/xenover/Bosch/AMS_system/install/teleop_tools_msgs/local/lib/python3.10/dist-packages/teleop_tools_msgs/teleop_tools_msgs_s__rosidl_typesupport_c.cpython-310-x86_64-linux-gnu.so
[3.410s] -- Set runtime path of "/home/xenover/Bosch/AMS_system/install/teleop_tools_msgs/local/lib/python3.10/dist-packages/teleop_tools_msgs/teleop_tools_msgs_s__rosidl_typesupport_c.cpython-310-x86_64-linux-gnu.so" to ""
[3.410s] -- Installing: /home/xenover/Bosch/AMS_system/install/teleop_tools_msgs/lib/libteleop_tools_msgs__rosidl_generator_py.so
[3.410s] -- Set runtime path of "/home/xenover/Bosch/AMS_system/install/teleop_tools_msgs/lib/libteleop_tools_msgs__rosidl_generator_py.so" to ""
[3.410s] -- Installing: /home/xenover/Bosch/AMS_system/install/teleop_tools_msgs/share/teleop_tools_msgs/action/Increment.idl
[3.410s] -- Installing: /home/xenover/Bosch/AMS_system/install/teleop_tools_msgs/share/teleop_tools_msgs/action/Increment.action
[3.410s] -- Installing: /home/xenover/Bosch/AMS_system/install/teleop_tools_msgs/share/ament_index/resource_index/package_run_dependencies/teleop_tools_msgs
[3.410s] -- Installing: /home/xenover/Bosch/AMS_system/install/teleop_tools_msgs/share/ament_index/resource_index/parent_prefix_path/teleop_tools_msgs
[3.410s] -- Installing: /home/xenover/Bosch/AMS_system/install/teleop_tools_msgs/share/teleop_tools_msgs/environment/ament_prefix_path.sh
[3.411s] -- Installing: /home/xenover/Bosch/AMS_system/install/teleop_tools_msgs/share/teleop_tools_msgs/environment/ament_prefix_path.dsv
[3.411s] -- Installing: /home/xenover/Bosch/AMS_system/install/teleop_tools_msgs/share/teleop_tools_msgs/environment/path.sh
[3.411s] -- Installing: /home/xenover/Bosch/AMS_system/install/teleop_tools_msgs/share/teleop_tools_msgs/environment/path.dsv
[3.411s] -- Installing: /home/xenover/Bosch/AMS_system/install/teleop_tools_msgs/share/teleop_tools_msgs/local_setup.bash
[3.411s] -- Installing: /home/xenover/Bosch/AMS_system/install/teleop_tools_msgs/share/teleop_tools_msgs/local_setup.sh
[3.411s] -- Installing: /home/xenover/Bosch/AMS_system/install/teleop_tools_msgs/share/teleop_tools_msgs/local_setup.zsh
[3.411s] -- Installing: /home/xenover/Bosch/AMS_system/install/teleop_tools_msgs/share/teleop_tools_msgs/local_setup.dsv
[3.411s] -- Installing: /home/xenover/Bosch/AMS_system/install/teleop_tools_msgs/share/teleop_tools_msgs/package.dsv
[3.411s] -- Installing: /home/xenover/Bosch/AMS_system/install/teleop_tools_msgs/share/ament_index/resource_index/packages/teleop_tools_msgs
[3.412s] -- Installing: /home/xenover/Bosch/AMS_system/install/teleop_tools_msgs/share/teleop_tools_msgs/cmake/export_teleop_tools_msgs__rosidl_generator_cExport.cmake
[3.412s] -- Installing: /home/xenover/Bosch/AMS_system/install/teleop_tools_msgs/share/teleop_tools_msgs/cmake/export_teleop_tools_msgs__rosidl_generator_cExport-noconfig.cmake
[3.412s] -- Installing: /home/xenover/Bosch/AMS_system/install/teleop_tools_msgs/share/teleop_tools_msgs/cmake/export_teleop_tools_msgs__rosidl_typesupport_fastrtps_cExport.cmake
[3.412s] -- Installing: /home/xenover/Bosch/AMS_system/install/teleop_tools_msgs/share/teleop_tools_msgs/cmake/export_teleop_tools_msgs__rosidl_typesupport_fastrtps_cExport-noconfig.cmake
[3.412s] -- Installing: /home/xenover/Bosch/AMS_system/install/teleop_tools_msgs/share/teleop_tools_msgs/cmake/teleop_tools_msgs__rosidl_typesupport_introspection_cExport.cmake
[3.412s] -- Installing: /home/xenover/Bosch/AMS_system/install/teleop_tools_msgs/share/teleop_tools_msgs/cmake/teleop_tools_msgs__rosidl_typesupport_introspection_cExport-noconfig.cmake
[3.412s] -- Installing: /home/xenover/Bosch/AMS_system/install/teleop_tools_msgs/share/teleop_tools_msgs/cmake/teleop_tools_msgs__rosidl_typesupport_cExport.cmake
[3.412s] -- Installing: /home/xenover/Bosch/AMS_system/install/teleop_tools_msgs/share/teleop_tools_msgs/cmake/teleop_tools_msgs__rosidl_typesupport_cExport-noconfig.cmake
[3.412s] -- Installing: /home/xenover/Bosch/AMS_system/install/teleop_tools_msgs/share/teleop_tools_msgs/cmake/export_teleop_tools_msgs__rosidl_generator_cppExport.cmake
[3.413s] -- Installing: /home/xenover/Bosch/AMS_system/install/teleop_tools_msgs/share/teleop_tools_msgs/cmake/export_teleop_tools_msgs__rosidl_typesupport_fastrtps_cppExport.cmake
[3.413s] -- Installing: /home/xenover/Bosch/AMS_system/install/teleop_tools_msgs/share/teleop_tools_msgs/cmake/export_teleop_tools_msgs__rosidl_typesupport_fastrtps_cppExport-noconfig.cmake
[3.413s] -- Installing: /home/xenover/Bosch/AMS_system/install/teleop_tools_msgs/share/teleop_tools_msgs/cmake/teleop_tools_msgs__rosidl_typesupport_introspection_cppExport.cmake
[3.413s] -- Installing: /home/xenover/Bosch/AMS_system/install/teleop_tools_msgs/share/teleop_tools_msgs/cmake/teleop_tools_msgs__rosidl_typesupport_introspection_cppExport-noconfig.cmake
[3.413s] -- Installing: /home/xenover/Bosch/AMS_system/install/teleop_tools_msgs/share/teleop_tools_msgs/cmake/teleop_tools_msgs__rosidl_typesupport_cppExport.cmake
[3.413s] -- Installing: /home/xenover/Bosch/AMS_system/install/teleop_tools_msgs/share/teleop_tools_msgs/cmake/teleop_tools_msgs__rosidl_typesupport_cppExport-noconfig.cmake
[3.413s] -- Installing: /home/xenover/Bosch/AMS_system/install/teleop_tools_msgs/share/teleop_tools_msgs/cmake/export_teleop_tools_msgs__rosidl_generator_pyExport.cmake
[3.413s] -- Installing: /home/xenover/Bosch/AMS_system/install/teleop_tools_msgs/share/teleop_tools_msgs/cmake/export_teleop_tools_msgs__rosidl_generator_pyExport-noconfig.cmake
[3.413s] -- Installing: /home/xenover/Bosch/AMS_system/install/teleop_tools_msgs/share/teleop_tools_msgs/cmake/rosidl_cmake-extras.cmake
[3.414s] -- Installing: /home/xenover/Bosch/AMS_system/install/teleop_tools_msgs/share/teleop_tools_msgs/cmake/ament_cmake_export_dependencies-extras.cmake
[3.414s] -- Installing: /home/xenover/Bosch/AMS_system/install/teleop_tools_msgs/share/teleop_tools_msgs/cmake/ament_cmake_export_include_directories-extras.cmake
[3.414s] -- Installing: /home/xenover/Bosch/AMS_system/install/teleop_tools_msgs/share/teleop_tools_msgs/cmake/ament_cmake_export_libraries-extras.cmake
[3.414s] -- Installing: /home/xenover/Bosch/AMS_system/install/teleop_tools_msgs/share/teleop_tools_msgs/cmake/ament_cmake_export_targets-extras.cmake
[3.414s] -- Installing: /home/xenover/Bosch/AMS_system/install/teleop_tools_msgs/share/teleop_tools_msgs/cmake/rosidl_cmake_export_typesupport_targets-extras.cmake
[3.414s] -- Installing: /home/xenover/Bosch/AMS_system/install/teleop_tools_msgs/share/teleop_tools_msgs/cmake/rosidl_cmake_export_typesupport_libraries-extras.cmake
[3.414s] -- Installing: /home/xenover/Bosch/AMS_system/install/teleop_tools_msgs/share/teleop_tools_msgs/cmake/teleop_tools_msgsConfig.cmake
[3.414s] -- Installing: /home/xenover/Bosch/AMS_system/install/teleop_tools_msgs/share/teleop_tools_msgs/cmake/teleop_tools_msgsConfig-version.cmake
[3.414s] -- Installing: /home/xenover/Bosch/AMS_system/install/teleop_tools_msgs/share/teleop_tools_msgs/package.xml
[3.418s] Invoked command in '/home/xenover/Bosch/AMS_system/build/teleop_tools_msgs' returned '0': CMAKE_PREFIX_PATH=/opt/ros/humble /usr/bin/cmake --install /home/xenover/Bosch/AMS_system/build/teleop_tools_msgs
