[0.013s] Invoking command in '/home/xenover/Bosch/AMS_system/build/vesc': AMENT_PREFIX_PATH=/home/xenover/Bosch/AMS_system/install/vesc_driver:/home/xenover/Bosch/AMS_system/install/vesc_ackermann:/home/xenover/Bosch/AMS_system/install/vesc_msgs:${AMENT_PREFIX_PATH} CMAKE_PREFIX_PATH=/home/xenover/Bosch/AMS_system/install/vesc_driver:/home/xenover/Bosch/AMS_system/install/vesc_ackermann:/home/xenover/Bosch/AMS_system/install/vesc_msgs:/opt/ros/humble LD_LIBRARY_PATH=/home/xenover/Bosch/AMS_system/install/vesc_driver/lib:/home/xenover/Bosch/AMS_system/install/vesc_ackermann/lib:/home/xenover/Bosch/AMS_system/install/vesc_msgs/lib:${LD_LIBRARY_PATH} PYTHONPATH=/home/xenover/Bosch/AMS_system/install/vesc_msgs/local/lib/python3.10/dist-packages:${PYTHONPATH} /usr/bin/cmake /home/xenover/Bosch/AMS_system/vesc/vesc -DCMAKE_INSTALL_PREFIX=/home/xenover/Bosch/AMS_system/install/vesc
[0.059s] -- The C compiler identification is GNU 11.4.0
[0.108s] -- The CXX compiler identification is GNU 11.4.0
[0.114s] -- Detecting C compiler ABI info
[0.177s] -- Detecting C compiler ABI info - done
[0.181s] -- Check for working C compiler: /usr/bin/cc - skipped
[0.181s] -- Detecting C compile features
[0.181s] -- Detecting C compile features - done
[0.183s] -- Detecting CXX compiler ABI info
[0.251s] -- Detecting CXX compiler ABI info - done
[0.255s] -- Check for working CXX compiler: /usr/bin/c++ - skipped
[0.256s] -- Detecting CXX compile features
[0.256s] -- Detecting CXX compile features - done
[0.257s] -- Found ament_cmake_auto: 1.3.13 (/opt/ros/humble/share/ament_cmake_auto/cmake)
[0.360s] -- Found Python3: /usr/bin/python3 (found version "3.10.12") found components: Interpreter 
[0.457s] -- Configuring done
[0.459s] -- Generating done
[0.460s] -- Build files have been written to: /home/xenover/Bosch/AMS_system/build/vesc
[0.464s] Invoked command in '/home/xenover/Bosch/AMS_system/build/vesc' returned '0': AMENT_PREFIX_PATH=/home/xenover/Bosch/AMS_system/install/vesc_driver:/home/xenover/Bosch/AMS_system/install/vesc_ackermann:/home/xenover/Bosch/AMS_system/install/vesc_msgs:${AMENT_PREFIX_PATH} CMAKE_PREFIX_PATH=/home/xenover/Bosch/AMS_system/install/vesc_driver:/home/xenover/Bosch/AMS_system/install/vesc_ackermann:/home/xenover/Bosch/AMS_system/install/vesc_msgs:/opt/ros/humble LD_LIBRARY_PATH=/home/xenover/Bosch/AMS_system/install/vesc_driver/lib:/home/xenover/Bosch/AMS_system/install/vesc_ackermann/lib:/home/xenover/Bosch/AMS_system/install/vesc_msgs/lib:${LD_LIBRARY_PATH} PYTHONPATH=/home/xenover/Bosch/AMS_system/install/vesc_msgs/local/lib/python3.10/dist-packages:${PYTHONPATH} /usr/bin/cmake /home/xenover/Bosch/AMS_system/vesc/vesc -DCMAKE_INSTALL_PREFIX=/home/xenover/Bosch/AMS_system/install/vesc
[0.464s] Invoking command in '/home/xenover/Bosch/AMS_system/build/vesc': AMENT_PREFIX_PATH=/home/xenover/Bosch/AMS_system/install/vesc_driver:/home/xenover/Bosch/AMS_system/install/vesc_ackermann:/home/xenover/Bosch/AMS_system/install/vesc_msgs:${AMENT_PREFIX_PATH} CMAKE_PREFIX_PATH=/home/xenover/Bosch/AMS_system/install/vesc_driver:/home/xenover/Bosch/AMS_system/install/vesc_ackermann:/home/xenover/Bosch/AMS_system/install/vesc_msgs:/opt/ros/humble LD_LIBRARY_PATH=/home/xenover/Bosch/AMS_system/install/vesc_driver/lib:/home/xenover/Bosch/AMS_system/install/vesc_ackermann/lib:/home/xenover/Bosch/AMS_system/install/vesc_msgs/lib:${LD_LIBRARY_PATH} PYTHONPATH=/home/xenover/Bosch/AMS_system/install/vesc_msgs/local/lib/python3.10/dist-packages:${PYTHONPATH} /usr/bin/cmake --build /home/xenover/Bosch/AMS_system/build/vesc -- -j16 -l16
[0.498s] Invoked command in '/home/xenover/Bosch/AMS_system/build/vesc' returned '0': AMENT_PREFIX_PATH=/home/xenover/Bosch/AMS_system/install/vesc_driver:/home/xenover/Bosch/AMS_system/install/vesc_ackermann:/home/xenover/Bosch/AMS_system/install/vesc_msgs:${AMENT_PREFIX_PATH} CMAKE_PREFIX_PATH=/home/xenover/Bosch/AMS_system/install/vesc_driver:/home/xenover/Bosch/AMS_system/install/vesc_ackermann:/home/xenover/Bosch/AMS_system/install/vesc_msgs:/opt/ros/humble LD_LIBRARY_PATH=/home/xenover/Bosch/AMS_system/install/vesc_driver/lib:/home/xenover/Bosch/AMS_system/install/vesc_ackermann/lib:/home/xenover/Bosch/AMS_system/install/vesc_msgs/lib:${LD_LIBRARY_PATH} PYTHONPATH=/home/xenover/Bosch/AMS_system/install/vesc_msgs/local/lib/python3.10/dist-packages:${PYTHONPATH} /usr/bin/cmake --build /home/xenover/Bosch/AMS_system/build/vesc -- -j16 -l16
[0.498s] Invoking command in '/home/xenover/Bosch/AMS_system/build/vesc': AMENT_PREFIX_PATH=/home/xenover/Bosch/AMS_system/install/vesc_driver:/home/xenover/Bosch/AMS_system/install/vesc_ackermann:/home/xenover/Bosch/AMS_system/install/vesc_msgs:${AMENT_PREFIX_PATH} CMAKE_PREFIX_PATH=/home/xenover/Bosch/AMS_system/install/vesc_driver:/home/xenover/Bosch/AMS_system/install/vesc_ackermann:/home/xenover/Bosch/AMS_system/install/vesc_msgs:/opt/ros/humble LD_LIBRARY_PATH=/home/xenover/Bosch/AMS_system/install/vesc_driver/lib:/home/xenover/Bosch/AMS_system/install/vesc_ackermann/lib:/home/xenover/Bosch/AMS_system/install/vesc_msgs/lib:${LD_LIBRARY_PATH} PYTHONPATH=/home/xenover/Bosch/AMS_system/install/vesc_msgs/local/lib/python3.10/dist-packages:${PYTHONPATH} /usr/bin/cmake --install /home/xenover/Bosch/AMS_system/build/vesc
[0.505s] -- Install configuration: ""
[0.505s] -- Installing: /home/xenover/Bosch/AMS_system/install/vesc/share/ament_index/resource_index/package_run_dependencies/vesc
[0.506s] -- Installing: /home/xenover/Bosch/AMS_system/install/vesc/share/ament_index/resource_index/parent_prefix_path/vesc
[0.506s] -- Installing: /home/xenover/Bosch/AMS_system/install/vesc/share/vesc/environment/ament_prefix_path.sh
[0.506s] -- Installing: /home/xenover/Bosch/AMS_system/install/vesc/share/vesc/environment/ament_prefix_path.dsv
[0.506s] -- Installing: /home/xenover/Bosch/AMS_system/install/vesc/share/vesc/environment/path.sh
[0.506s] -- Installing: /home/xenover/Bosch/AMS_system/install/vesc/share/vesc/environment/path.dsv
[0.506s] -- Installing: /home/xenover/Bosch/AMS_system/install/vesc/share/vesc/local_setup.bash
[0.506s] -- Installing: /home/xenover/Bosch/AMS_system/install/vesc/share/vesc/local_setup.sh
[0.506s] -- Installing: /home/xenover/Bosch/AMS_system/install/vesc/share/vesc/local_setup.zsh
[0.506s] -- Installing: /home/xenover/Bosch/AMS_system/install/vesc/share/vesc/local_setup.dsv
[0.506s] -- Installing: /home/xenover/Bosch/AMS_system/install/vesc/share/vesc/package.dsv
[0.506s] -- Installing: /home/xenover/Bosch/AMS_system/install/vesc/share/ament_index/resource_index/packages/vesc
[0.507s] -- Installing: /home/xenover/Bosch/AMS_system/install/vesc/share/vesc/cmake/vescConfig.cmake
[0.507s] -- Installing: /home/xenover/Bosch/AMS_system/install/vesc/share/vesc/cmake/vescConfig-version.cmake
[0.507s] -- Installing: /home/xenover/Bosch/AMS_system/install/vesc/share/vesc/package.xml
[0.508s] Invoked command in '/home/xenover/Bosch/AMS_system/build/vesc' returned '0': AMENT_PREFIX_PATH=/home/xenover/Bosch/AMS_system/install/vesc_driver:/home/xenover/Bosch/AMS_system/install/vesc_ackermann:/home/xenover/Bosch/AMS_system/install/vesc_msgs:${AMENT_PREFIX_PATH} CMAKE_PREFIX_PATH=/home/xenover/Bosch/AMS_system/install/vesc_driver:/home/xenover/Bosch/AMS_system/install/vesc_ackermann:/home/xenover/Bosch/AMS_system/install/vesc_msgs:/opt/ros/humble LD_LIBRARY_PATH=/home/xenover/Bosch/AMS_system/install/vesc_driver/lib:/home/xenover/Bosch/AMS_system/install/vesc_ackermann/lib:/home/xenover/Bosch/AMS_system/install/vesc_msgs/lib:${LD_LIBRARY_PATH} PYTHONPATH=/home/xenover/Bosch/AMS_system/install/vesc_msgs/local/lib/python3.10/dist-packages:${PYTHONPATH} /usr/bin/cmake --install /home/xenover/Bosch/AMS_system/build/vesc
