running egg_info
creating ../build/ams_stack/ams_stack.egg-info
writing ../build/ams_stack/ams_stack.egg-info/PKG-INFO
writing dependency_links to ../build/ams_stack/ams_stack.egg-info/dependency_links.txt
writing entry points to ../build/ams_stack/ams_stack.egg-info/entry_points.txt
writing requirements to ../build/ams_stack/ams_stack.egg-info/requires.txt
writing top-level names to ../build/ams_stack/ams_stack.egg-info/top_level.txt
writing manifest file '../build/ams_stack/ams_stack.egg-info/SOURCES.txt'
reading manifest file '../build/ams_stack/ams_stack.egg-info/SOURCES.txt'
writing manifest file '../build/ams_stack/ams_stack.egg-info/SOURCES.txt'
running build
running build_py
creating /home/xenover/Bosch/AMS_system/build/ams_stack/build
creating /home/xenover/Bosch/AMS_system/build/ams_stack/build/lib
creating /home/xenover/Bosch/AMS_system/build/ams_stack/build/lib/ams_stack
copying ams_stack/__init__.py -> /home/xenover/Bosch/AMS_system/build/ams_stack/build/lib/ams_stack
copying ams_stack/throttle_interpolator.py -> /home/xenover/Bosch/AMS_system/build/ams_stack/build/lib/ams_stack
running install
running install_lib
creating /home/xenover/Bosch/AMS_system/install/ams_stack/lib/python3.10/site-packages/ams_stack
copying /home/xenover/Bosch/AMS_system/build/ams_stack/build/lib/ams_stack/__init__.py -> /home/xenover/Bosch/AMS_system/install/ams_stack/lib/python3.10/site-packages/ams_stack
copying /home/xenover/Bosch/AMS_system/build/ams_stack/build/lib/ams_stack/throttle_interpolator.py -> /home/xenover/Bosch/AMS_system/install/ams_stack/lib/python3.10/site-packages/ams_stack
byte-compiling /home/xenover/Bosch/AMS_system/install/ams_stack/lib/python3.10/site-packages/ams_stack/__init__.py to __init__.cpython-310.pyc
byte-compiling /home/xenover/Bosch/AMS_system/install/ams_stack/lib/python3.10/site-packages/ams_stack/throttle_interpolator.py to throttle_interpolator.cpython-310.pyc
running install_data
creating /home/xenover/Bosch/AMS_system/install/ams_stack/share/ament_index
creating /home/xenover/Bosch/AMS_system/install/ams_stack/share/ament_index/resource_index
creating /home/xenover/Bosch/AMS_system/install/ams_stack/share/ament_index/resource_index/packages
copying resource/ams_stack -> /home/xenover/Bosch/AMS_system/install/ams_stack/share/ament_index/resource_index/packages
copying package.xml -> /home/xenover/Bosch/AMS_system/install/ams_stack/share/ams_stack
creating /home/xenover/Bosch/AMS_system/install/ams_stack/share/ams_stack/launch
copying launch/bringup_launch.py -> /home/xenover/Bosch/AMS_system/install/ams_stack/share/ams_stack/launch
creating /home/xenover/Bosch/AMS_system/install/ams_stack/share/ams_stack/config
copying config/joy_teleop.yaml -> /home/xenover/Bosch/AMS_system/install/ams_stack/share/ams_stack/config
copying config/vesc.yaml -> /home/xenover/Bosch/AMS_system/install/ams_stack/share/ams_stack/config
copying config/mux.yaml -> /home/xenover/Bosch/AMS_system/install/ams_stack/share/ams_stack/config
running install_egg_info
Copying ../build/ams_stack/ams_stack.egg-info to /home/xenover/Bosch/AMS_system/install/ams_stack/lib/python3.10/site-packages/ams_stack-0.0.1-py3.10.egg-info
running install_scripts
Installing throttle_interpolator script to /home/xenover/Bosch/AMS_system/install/ams_stack/lib/ams_stack
writing list of installed files to '/home/xenover/Bosch/AMS_system/build/ams_stack/install.log'
