[0.348s] Invoking command in '/home/xenover/Bosch/AMS_system/ams_stack': AMENT_PREFIX_PATH=/home/xenover/Bosch/AMS_system/install/vesc:/home/xenover/Bosch/AMS_system/install/vesc_driver:/home/xenover/Bosch/AMS_system/install/vesc_ackermann:/home/xenover/Bosch/AMS_system/install/joy_teleop:/home/xenover/Bosch/AMS_system/install/vesc_msgs:/home/xenover/Bosch/AMS_system/install/teleop_tools_msgs:/home/xenover/Bosch/AMS_system/install/ackermann_mux:${AMENT_PREFIX_PATH} CMAKE_PREFIX_PATH=/home/xenover/Bosch/AMS_system/install/vesc:/home/xenover/Bosch/AMS_system/install/vesc_driver:/home/xenover/Bosch/AMS_system/install/vesc_ackermann:/home/xenover/Bosch/AMS_system/install/vesc_msgs:/home/xenover/Bosch/AMS_system/install/teleop_tools_msgs:/home/xenover/Bosch/AMS_system/install/ackermann_mux LD_LIBRARY_PATH=/home/xenover/Bosch/AMS_system/install/vesc_driver/lib:/home/xenover/Bosch/AMS_system/install/vesc_ackermann/lib:/home/xenover/Bosch/AMS_system/install/vesc_msgs/lib:/home/xenover/Bosch/AMS_system/install/teleop_tools_msgs/lib:${LD_LIBRARY_PATH} PYTHONPATH=/home/xenover/Bosch/AMS_system/build/ams_stack/prefix_override:/usr/lib/python3/dist-packages/colcon_core/task/python/colcon_distutils_commands:/home/xenover/Bosch/AMS_system/install/ams_stack/lib/python3.10/site-packages:/home/xenover/Bosch/AMS_system/install/joy_teleop/lib/python3.10/site-packages:/home/xenover/Bosch/AMS_system/install/vesc_msgs/local/lib/python3.10/dist-packages:/home/xenover/Bosch/AMS_system/install/teleop_tools_msgs/local/lib/python3.10/dist-packages:${PYTHONPATH} /usr/bin/python3 -W ignore:setup.py install is deprecated -W ignore:easy_install command is deprecated setup.py egg_info --egg-base ../build/ams_stack build --build-base /home/xenover/Bosch/AMS_system/build/ams_stack/build install --record /home/xenover/Bosch/AMS_system/build/ams_stack/install.log --single-version-externally-managed install_data
[0.476s] running egg_info
[0.476s] creating ../build/ams_stack/ams_stack.egg-info
[0.476s] writing ../build/ams_stack/ams_stack.egg-info/PKG-INFO
[0.476s] writing dependency_links to ../build/ams_stack/ams_stack.egg-info/dependency_links.txt
[0.477s] writing entry points to ../build/ams_stack/ams_stack.egg-info/entry_points.txt
[0.477s] writing requirements to ../build/ams_stack/ams_stack.egg-info/requires.txt
[0.477s] writing top-level names to ../build/ams_stack/ams_stack.egg-info/top_level.txt
[0.477s] writing manifest file '../build/ams_stack/ams_stack.egg-info/SOURCES.txt'
[0.477s] reading manifest file '../build/ams_stack/ams_stack.egg-info/SOURCES.txt'
[0.478s] writing manifest file '../build/ams_stack/ams_stack.egg-info/SOURCES.txt'
[0.478s] running build
[0.478s] running build_py
[0.478s] creating /home/xenover/Bosch/AMS_system/build/ams_stack/build
[0.478s] creating /home/xenover/Bosch/AMS_system/build/ams_stack/build/lib
[0.478s] creating /home/xenover/Bosch/AMS_system/build/ams_stack/build/lib/ams_stack
[0.478s] copying ams_stack/__init__.py -> /home/xenover/Bosch/AMS_system/build/ams_stack/build/lib/ams_stack
[0.478s] copying ams_stack/throttle_interpolator.py -> /home/xenover/Bosch/AMS_system/build/ams_stack/build/lib/ams_stack
[0.478s] running install
[0.478s] running install_lib
[0.479s] creating /home/xenover/Bosch/AMS_system/install/ams_stack/lib/python3.10/site-packages/ams_stack
[0.479s] copying /home/xenover/Bosch/AMS_system/build/ams_stack/build/lib/ams_stack/__init__.py -> /home/xenover/Bosch/AMS_system/install/ams_stack/lib/python3.10/site-packages/ams_stack
[0.479s] copying /home/xenover/Bosch/AMS_system/build/ams_stack/build/lib/ams_stack/throttle_interpolator.py -> /home/xenover/Bosch/AMS_system/install/ams_stack/lib/python3.10/site-packages/ams_stack
[0.479s] byte-compiling /home/xenover/Bosch/AMS_system/install/ams_stack/lib/python3.10/site-packages/ams_stack/__init__.py to __init__.cpython-310.pyc
[0.479s] byte-compiling /home/xenover/Bosch/AMS_system/install/ams_stack/lib/python3.10/site-packages/ams_stack/throttle_interpolator.py to throttle_interpolator.cpython-310.pyc
[0.480s] running install_data
[0.480s] creating /home/xenover/Bosch/AMS_system/install/ams_stack/share/ament_index
[0.480s] creating /home/xenover/Bosch/AMS_system/install/ams_stack/share/ament_index/resource_index
[0.480s] creating /home/xenover/Bosch/AMS_system/install/ams_stack/share/ament_index/resource_index/packages
[0.480s] copying resource/ams_stack -> /home/xenover/Bosch/AMS_system/install/ams_stack/share/ament_index/resource_index/packages
[0.480s] copying package.xml -> /home/xenover/Bosch/AMS_system/install/ams_stack/share/ams_stack
[0.480s] creating /home/xenover/Bosch/AMS_system/install/ams_stack/share/ams_stack/launch
[0.480s] copying launch/bringup_launch.py -> /home/xenover/Bosch/AMS_system/install/ams_stack/share/ams_stack/launch
[0.480s] creating /home/xenover/Bosch/AMS_system/install/ams_stack/share/ams_stack/config
[0.480s] copying config/joy_teleop.yaml -> /home/xenover/Bosch/AMS_system/install/ams_stack/share/ams_stack/config
[0.480s] copying config/vesc.yaml -> /home/xenover/Bosch/AMS_system/install/ams_stack/share/ams_stack/config
[0.480s] copying config/mux.yaml -> /home/xenover/Bosch/AMS_system/install/ams_stack/share/ams_stack/config
[0.480s] running install_egg_info
[0.482s] Copying ../build/ams_stack/ams_stack.egg-info to /home/xenover/Bosch/AMS_system/install/ams_stack/lib/python3.10/site-packages/ams_stack-0.0.1-py3.10.egg-info
[0.482s] running install_scripts
[0.494s] Installing throttle_interpolator script to /home/xenover/Bosch/AMS_system/install/ams_stack/lib/ams_stack
[0.494s] writing list of installed files to '/home/xenover/Bosch/AMS_system/build/ams_stack/install.log'
[0.509s] Invoked command in '/home/xenover/Bosch/AMS_system/ams_stack' returned '0': AMENT_PREFIX_PATH=/home/xenover/Bosch/AMS_system/install/vesc:/home/xenover/Bosch/AMS_system/install/vesc_driver:/home/xenover/Bosch/AMS_system/install/vesc_ackermann:/home/xenover/Bosch/AMS_system/install/joy_teleop:/home/xenover/Bosch/AMS_system/install/vesc_msgs:/home/xenover/Bosch/AMS_system/install/teleop_tools_msgs:/home/xenover/Bosch/AMS_system/install/ackermann_mux:${AMENT_PREFIX_PATH} CMAKE_PREFIX_PATH=/home/xenover/Bosch/AMS_system/install/vesc:/home/xenover/Bosch/AMS_system/install/vesc_driver:/home/xenover/Bosch/AMS_system/install/vesc_ackermann:/home/xenover/Bosch/AMS_system/install/vesc_msgs:/home/xenover/Bosch/AMS_system/install/teleop_tools_msgs:/home/xenover/Bosch/AMS_system/install/ackermann_mux LD_LIBRARY_PATH=/home/xenover/Bosch/AMS_system/install/vesc_driver/lib:/home/xenover/Bosch/AMS_system/install/vesc_ackermann/lib:/home/xenover/Bosch/AMS_system/install/vesc_msgs/lib:/home/xenover/Bosch/AMS_system/install/teleop_tools_msgs/lib:${LD_LIBRARY_PATH} PYTHONPATH=/home/xenover/Bosch/AMS_system/build/ams_stack/prefix_override:/usr/lib/python3/dist-packages/colcon_core/task/python/colcon_distutils_commands:/home/xenover/Bosch/AMS_system/install/ams_stack/lib/python3.10/site-packages:/home/xenover/Bosch/AMS_system/install/joy_teleop/lib/python3.10/site-packages:/home/xenover/Bosch/AMS_system/install/vesc_msgs/local/lib/python3.10/dist-packages:/home/xenover/Bosch/AMS_system/install/teleop_tools_msgs/local/lib/python3.10/dist-packages:${PYTHONPATH} /usr/bin/python3 -W ignore:setup.py install is deprecated -W ignore:easy_install command is deprecated setup.py egg_info --egg-base ../build/ams_stack build --build-base /home/xenover/Bosch/AMS_system/build/ams_stack/build install --record /home/xenover/Bosch/AMS_system/build/ams_stack/install.log --single-version-externally-managed install_data
